{"meta": {"format": 3, "version": "7.13.5", "timestamp": "2026-08-18T15:22:07.268910", "branch_coverage": false, "show_contexts": false}, "files": {"src\\termapy\\__main__.py": {"executed_lines": [], "summary": {"covered_lines": 0, "num_statements": 2, "percent_covered": 0.0, "percent_covered_display": "0", "missing_lines": 2, "excluded_lines": 0, "percent_statements_covered": 0.0, "percent_statements_covered_display": "0"}, "missing_lines": [3, 5], "excluded_lines": [], "functions": {"": {"executed_lines": [], "summary": {"covered_lines": 0, "num_statements": 2, "percent_covered": 0.0, "percent_covered_display": "0", "missing_lines": 2, "excluded_lines": 0, "percent_statements_covered": 0.0, "percent_statements_covered_display": "0"}, "missing_lines": [3, 5], "excluded_lines": [], "start_line": 1}}, "classes": {"": {"executed_lines": [], "summary": {"covered_lines": 0, "num_statements": 2, "percent_covered": 0.0, "percent_covered_display": "0", "missing_lines": 2, "excluded_lines": 0, "percent_statements_covered": 0.0, "percent_statements_covered_display": "0"}, "missing_lines": [3, 5], "excluded_lines": [], "start_line": 1}}}, "src\\termapy\\app.py": {"executed_lines": [10, 11, 12, 13, 14, 15, 16, 17, 18, 20, 21, 22, 23, 24, 25, 26, 27, 28, 29, 31, 32, 37, 56, 63, 64, 76, 77, 78, 79, 80, 87, 88, 89, 90, 91, 92, 93, 107, 111, 130, 139, 146, 147, 149, 150, 160, 163, 166, 169, 173, 176, 182, 185, 189, 197, 202, 204, 377, 406, 408, 440, 449, 450, 453, 454, 455, 456, 457, 458, 459, 460, 461, 466, 467, 468, 469, 470, 471, 472, 473, 484, 488, 495, 500, 506, 509, 515, 521, 522, 523, 529, 531, 532, 534, 536, 537, 539, 541, 542, 546, 547, 548, 550, 551, 559, 563, 567, 569, 571, 575, 579, 581, 583, 585, 587, 588, 590, 591, 593, 595, 596, 597, 601, 607, 608, 612, 613, 616, 618, 654, 656, 657, 658, 659, 665, 666, 667, 668, 669, 670, 671, 675, 676, 677, 680, 681, 683, 688, 689, 690, 691, 692, 697, 702, 703, 710, 712, 713, 714, 715, 717, 719, 720, 721, 722, 723, 724, 725, 726, 727, 728, 729, 730, 731, 732, 733, 736, 737, 738, 739, 740, 741, 742, 746, 747, 748, 749, 750, 751, 752, 753, 754, 755, 756, 769, 774, 775, 776, 777, 778, 779, 780, 781, 782, 783, 794, 795, 802, 806, 811, 812, 813, 814, 815, 816, 817, 820, 821, 822, 823, 826, 827, 828, 829, 832, 833, 834, 835, 837, 838, 839, 840, 841, 843, 844, 850, 851, 854, 855, 861, 862, 863, 864, 865, 866, 867, 868, 869, 870, 877, 878, 879, 880, 881, 882, 883, 884, 885, 886, 888, 890, 891, 892, 894, 895, 897, 898, 901, 903, 904, 905, 906, 908, 909, 911, 913, 915, 916, 917, 918, 920, 921, 922, 923, 927, 928, 929, 930, 931, 932, 934, 947, 948, 976, 977, 995, 997, 999, 1000, 1003, 1009, 1010, 1014, 1015, 1025, 1032, 1040, 1042, 1043, 1046, 1047, 1051, 1067, 1069, 1075, 1076, 1080, 1086, 1088, 1090, 1091, 1094, 1095, 1096, 1099, 1101, 1103, 1104, 1105, 1106, 1111, 1112, 1113, 1114, 1115, 1116, 1119, 1120, 1124, 1125, 1137, 1139, 1140, 1141, 1144, 1145, 1148, 1155, 1156, 1158, 1167, 1168, 1175, 1179, 1180, 1181, 1185, 1187, 1189, 1190, 1191, 1192, 1193, 1195, 1202, 1204, 1209, 1212, 1213, 1214, 1216, 1217, 1218, 1219, 1220, 1225, 1226, 1227, 1228, 1230, 1239, 1259, 1266, 1280, 1281, 1297, 1322, 1323, 1340, 1358, 1367, 1373, 1379, 1380, 1383, 1384, 1385, 1387, 1405, 1412, 1413, 1414, 1415, 1416, 1420, 1428, 1470, 1479, 1496, 1497, 1499, 1501, 1523, 1525, 1526, 1527, 1528, 1530, 1532, 1533, 1534, 1535, 1536, 1538, 1539, 1549, 1550, 1555, 1556, 1557, 1560, 1561, 1562, 1563, 1564, 1565, 1566, 1567, 1568, 1569, 1570, 1571, 1572, 1573, 1574, 1575, 1576, 1577, 1578, 1579, 1580, 1583, 1602, 1603, 1604, 1605, 1606, 1609, 1612, 1613, 1614, 1615, 1617, 1618, 1621, 1626, 1629, 1639, 1640, 1645, 1647, 1651, 1652, 1655, 1656, 1660, 1662, 1672, 1690, 1702, 1703, 1734, 1754, 1781, 1789, 1848, 1852, 1864, 1866, 1867, 1869, 1871, 1873, 1874, 1875, 1890, 1891, 1893, 1894, 1895, 1900, 1904, 1919, 1921, 1922, 1923, 1936, 1945, 1964, 1973, 1982, 1991, 1999, 2007, 2015, 2020, 2053, 2056, 2059, 2087, 2094, 2116, 2121, 2253, 2278, 2283, 2286, 2289, 2292, 2301, 2319, 2323, 2329, 2335, 2338, 2342, 2348, 2356, 2359, 2362, 2380, 2386, 2389, 2392, 2394, 2396, 2397, 2398, 2399, 2405, 2406, 2407, 2409, 2414, 2417, 2420, 2423, 2426, 2429, 2432, 2439, 2445, 2459, 2462, 2466, 2470, 2474, 2485, 2487, 2488, 2489, 2491, 2496, 2503, 2510, 2511, 2522, 2526, 2527, 2555, 2556, 2558, 2559, 2562, 2564, 2575, 2591, 2602, 2613, 2692, 2693, 2706, 2731, 2736, 2759, 2760, 2767, 2768, 2783, 2784, 2793, 2820, 2826, 2828, 2854, 2887, 2893, 2895, 2900, 2905, 2928, 2978, 2982, 2985, 2989, 2993, 2997, 3000, 3007, 3013, 3023, 3032, 3038, 3044, 3046, 3047, 3048, 3049, 3055, 3057, 3058, 3059, 3060, 3061, 3063, 3064, 3066, 3068, 3070, 3072, 3073, 3074, 3075, 3076, 3079, 3081, 3083, 3084, 3085, 3086, 3087, 3089, 3091, 3092, 3093, 3094, 3095, 3097, 3099, 3100, 3101, 3107, 3109, 3110, 3111, 3112, 3113, 3114, 3115, 3116, 3117, 3118, 3119, 3120, 3121, 3122, 3123, 3124, 3125, 3129, 3141, 3154, 3168, 3189, 3193, 3199, 3203, 3213, 3240, 3244, 3246, 3252, 3254, 3279, 3293, 3308, 3350, 3351, 3392, 3415, 3480, 3519], "summary": {"covered_lines": 702, "num_statements": 1771, "percent_covered": 39.6386222473179, "percent_covered_display": "40", "missing_lines": 1069, "excluded_lines": 3, "percent_statements_covered": 39.6386222473179, "percent_statements_covered_display": "40"}, "missing_lines": [148, 170, 171, 177, 178, 179, 180, 186, 187, 198, 199, 200, 544, 553, 561, 565, 573, 577, 589, 598, 599, 614, 615, 631, 635, 636, 637, 638, 639, 640, 643, 644, 648, 649, 650, 651, 652, 672, 678, 679, 685, 686, 704, 705, 718, 896, 899, 907, 949, 950, 955, 956, 957, 958, 959, 960, 961, 965, 969, 973, 974, 1001, 1002, 1011, 1012, 1019, 1020, 1021, 1022, 1023, 1027, 1028, 1029, 1030, 1044, 1045, 1048, 1049, 1053, 1054, 1055, 1056, 1058, 1059, 1060, 1062, 1146, 1169, 1173, 1174, 1194, 1196, 1203, 1205, 1210, 1231, 1232, 1236, 1237, 1241, 1242, 1243, 1244, 1245, 1246, 1247, 1248, 1249, 1250, 1251, 1252, 1253, 1254, 1255, 1256, 1257, 1261, 1262, 1263, 1264, 1275, 1276, 1277, 1278, 1283, 1284, 1285, 1290, 1291, 1292, 1293, 1295, 1308, 1309, 1310, 1311, 1316, 1317, 1319, 1320, 1336, 1337, 1338, 1346, 1347, 1348, 1349, 1350, 1351, 1352, 1353, 1354, 1355, 1356, 1360, 1361, 1362, 1363, 1364, 1365, 1374, 1375, 1376, 1377, 1378, 1394, 1395, 1396, 1397, 1398, 1399, 1400, 1401, 1402, 1403, 1417, 1418, 1422, 1423, 1424, 1426, 1447, 1448, 1450, 1451, 1452, 1453, 1455, 1459, 1460, 1461, 1465, 1466, 1467, 1468, 1471, 1472, 1473, 1474, 1475, 1476, 1477, 1488, 1489, 1490, 1491, 1493, 1494, 1498, 1509, 1510, 1511, 1512, 1513, 1514, 1515, 1516, 1517, 1518, 1519, 1520, 1521, 1537, 1581, 1607, 1608, 1610, 1611, 1616, 1622, 1627, 1646, 1648, 1653, 1654, 1664, 1666, 1667, 1670, 1684, 1685, 1686, 1687, 1688, 1696, 1697, 1700, 1705, 1706, 1707, 1708, 1709, 1711, 1712, 1713, 1715, 1716, 1719, 1721, 1722, 1723, 1724, 1725, 1726, 1727, 1728, 1736, 1738, 1739, 1740, 1741, 1742, 1743, 1744, 1745, 1746, 1747, 1749, 1756, 1760, 1761, 1763, 1764, 1765, 1767, 1768, 1769, 1770, 1771, 1772, 1773, 1774, 1775, 1777, 1778, 1779, 1782, 1783, 1784, 1785, 1786, 1787, 1790, 1791, 1792, 1793, 1794, 1795, 1796, 1797, 1798, 1799, 1800, 1801, 1802, 1803, 1804, 1805, 1806, 1807, 1808, 1812, 1813, 1814, 1816, 1823, 1827, 1828, 1829, 1830, 1831, 1835, 1836, 1839, 1840, 1841, 1846, 1850, 1851, 1868, 1905, 1906, 1910, 1911, 1912, 1913, 1914, 1915, 1916, 1917, 1925, 1926, 1927, 1928, 1929, 1930, 1931, 1932, 1933, 1934, 1937, 1938, 1939, 1940, 1941, 1943, 1946, 1947, 1948, 1949, 1950, 1951, 1952, 1957, 1965, 1966, 1974, 1975, 1983, 1985, 1986, 1987, 1989, 1992, 2000, 2008, 2016, 2017, 2018, 2054, 2057, 2069, 2070, 2074, 2075, 2079, 2089, 2090, 2091, 2092, 2103, 2104, 2105, 2106, 2107, 2108, 2109, 2110, 2112, 2113, 2132, 2133, 2134, 2135, 2136, 2137, 2138, 2141, 2142, 2143, 2144, 2145, 2146, 2148, 2155, 2156, 2157, 2158, 2159, 2160, 2161, 2162, 2168, 2171, 2173, 2176, 2177, 2180, 2181, 2182, 2183, 2184, 2185, 2190, 2191, 2192, 2199, 2224, 2225, 2226, 2227, 2230, 2231, 2236, 2237, 2242, 2243, 2244, 2245, 2248, 2249, 2269, 2270, 2271, 2272, 2273, 2274, 2275, 2276, 2281, 2284, 2287, 2290, 2294, 2295, 2296, 2297, 2298, 2299, 2306, 2307, 2308, 2309, 2310, 2311, 2312, 2313, 2314, 2315, 2316, 2317, 2321, 2322, 2325, 2326, 2331, 2332, 2336, 2340, 2341, 2343, 2349, 2357, 2360, 2364, 2365, 2366, 2367, 2369, 2372, 2373, 2375, 2381, 2382, 2383, 2384, 2387, 2390, 2415, 2418, 2421, 2424, 2427, 2430, 2437, 2443, 2460, 2464, 2468, 2472, 2497, 2498, 2499, 2501, 2504, 2505, 2506, 2508, 2513, 2514, 2515, 2518, 2519, 2520, 2523, 2524, 2530, 2531, 2533, 2534, 2540, 2541, 2542, 2544, 2545, 2552, 2553, 2557, 2560, 2561, 2565, 2566, 2567, 2568, 2569, 2570, 2571, 2588, 2589, 2600, 2601, 2610, 2611, 2628, 2629, 2639, 2640, 2641, 2642, 2643, 2644, 2646, 2648, 2649, 2650, 2651, 2652, 2653, 2654, 2655, 2656, 2657, 2658, 2659, 2660, 2661, 2662, 2663, 2664, 2665, 2666, 2669, 2671, 2674, 2675, 2677, 2678, 2679, 2682, 2685, 2686, 2687, 2690, 2695, 2696, 2697, 2698, 2699, 2700, 2701, 2703, 2704, 2708, 2709, 2710, 2711, 2712, 2713, 2714, 2717, 2718, 2719, 2720, 2721, 2722, 2724, 2725, 2726, 2727, 2728, 2729, 2733, 2734, 2745, 2746, 2747, 2748, 2749, 2750, 2751, 2752, 2753, 2762, 2763, 2764, 2765, 2770, 2771, 2772, 2773, 2774, 2775, 2776, 2777, 2778, 2779, 2780, 2781, 2786, 2787, 2788, 2789, 2790, 2791, 2802, 2803, 2804, 2805, 2806, 2807, 2808, 2809, 2810, 2811, 2812, 2813, 2822, 2824, 2837, 2838, 2839, 2840, 2841, 2852, 2865, 2866, 2867, 2868, 2869, 2880, 2897, 2898, 2901, 2902, 2903, 2913, 2914, 2915, 2916, 2917, 2918, 2919, 2920, 2921, 2922, 2923, 2924, 2925, 2926, 2930, 2931, 2933, 2934, 2936, 2937, 2938, 2940, 2941, 2942, 2943, 2944, 2945, 2946, 2947, 2948, 2949, 2950, 2951, 2953, 2954, 2955, 2956, 2957, 2958, 2959, 2960, 2961, 2962, 2964, 2965, 2966, 2967, 2968, 2969, 2970, 2971, 2972, 2973, 2974, 2975, 2976, 2980, 2983, 2986, 2987, 2990, 2991, 2994, 2995, 2998, 3005, 3008, 3009, 3010, 3011, 3016, 3017, 3018, 3019, 3020, 3021, 3024, 3025, 3026, 3027, 3028, 3029, 3030, 3033, 3034, 3035, 3036, 3039, 3040, 3041, 3042, 3052, 3053, 3067, 3077, 3136, 3137, 3138, 3139, 3147, 3148, 3149, 3150, 3151, 3152, 3155, 3156, 3157, 3158, 3159, 3160, 3161, 3162, 3163, 3164, 3165, 3166, 3172, 3173, 3175, 3176, 3177, 3183, 3191, 3192, 3194, 3195, 3196, 3197, 3201, 3202, 3209, 3210, 3211, 3224, 3225, 3226, 3227, 3228, 3229, 3230, 3231, 3232, 3233, 3235, 3236, 3237, 3238, 3242, 3243, 3248, 3249, 3250, 3256, 3257, 3258, 3259, 3260, 3261, 3262, 3263, 3264, 3265, 3266, 3267, 3268, 3269, 3271, 3272, 3273, 3274, 3275, 3276, 3277, 3281, 3282, 3283, 3284, 3285, 3286, 3287, 3288, 3289, 3290, 3291, 3299, 3300, 3301, 3302, 3304, 3305, 3306, 3310, 3311, 3312, 3313, 3315, 3316, 3317, 3318, 3319, 3320, 3323, 3332, 3339, 3340, 3341, 3342, 3343, 3344, 3345, 3346, 3347, 3348, 3362, 3364, 3365, 3369, 3370, 3372, 3373, 3375, 3376, 3386, 3387, 3389, 3399, 3406, 3407, 3408, 3410, 3411, 3412, 3417, 3420, 3421, 3423, 3424, 3425, 3427, 3428, 3429, 3430, 3431, 3433, 3434, 3435, 3436, 3437, 3440, 3443, 3444, 3445, 3446, 3448, 3449, 3450, 3453, 3458, 3459, 3460, 3461, 3462, 3463, 3464, 3465, 3468, 3469, 3470, 3471, 3472, 3477, 3482, 3487, 3488, 3489, 3490, 3491, 3492, 3494, 3495, 3496, 3497, 3498, 3499, 3502, 3503, 3504, 3505, 3506, 3507, 3508, 3510, 3516, 3521, 3522, 3524, 3525, 3526, 3527, 3528, 3529, 3530, 3535, 3536, 3537, 3538, 3539, 3540, 3542, 3543, 3544, 3545, 3549, 3553, 3554, 3555, 3556, 3557, 3560, 3561, 3566, 3567, 3568, 3569, 3570, 3571, 3573, 3575, 3576, 3577, 3578, 3579, 3582, 3583, 3588, 3589, 3590, 3591, 3592, 3593, 3594, 3595, 3596, 3602, 3603, 3604, 3605, 3606, 3607, 3609, 3611, 3612, 3613, 3614, 3615, 3616, 3617, 3623, 3624, 3625, 3626, 3627, 3628], "excluded_lines": [3631, 3632, 3634], "functions": {"_hotkey_label": {"executed_lines": [146, 147, 149, 150], "summary": {"covered_lines": 4, "num_statements": 5, "percent_covered": 80.0, "percent_covered_display": "80", "missing_lines": 1, "excluded_lines": 0, "percent_statements_covered": 80.0, "percent_statements_covered_display": "80"}, "missing_lines": [148], "excluded_lines": [], "start_line": 139}, "SerialTerminal.ScriptStarted.__init__": {"executed_lines": [], "summary": {"covered_lines": 0, "num_statements": 2, "percent_covered": 0.0, "percent_covered_display": "0", "missing_lines": 2, "excluded_lines": 0, "percent_statements_covered": 0.0, "percent_statements_covered_display": "0"}, "missing_lines": [170, 171], "excluded_lines": [], "start_line": 169}, "SerialTerminal.ScriptProgress.__init__": {"executed_lines": [], "summary": {"covered_lines": 0, "num_statements": 4, "percent_covered": 0.0, "percent_covered_display": "0", "missing_lines": 4, "excluded_lines": 0, "percent_statements_covered": 0.0, "percent_statements_covered_display": "0"}, "missing_lines": [177, 178, 179, 180], "excluded_lines": [], "start_line": 176}, "SerialTerminal.ScriptFinished.__init__": {"executed_lines": [], "summary": {"covered_lines": 0, "num_statements": 2, "percent_covered": 0.0, "percent_covered_display": "0", "missing_lines": 2, "excluded_lines": 0, "percent_statements_covered": 0.0, "percent_statements_covered_display": "0"}, "missing_lines": [186, 187], "excluded_lines": [], "start_line": 185}, "SerialTerminal.DelayProgress.__init__": {"executed_lines": [], "summary": {"covered_lines": 0, "num_statements": 3, "percent_covered": 0.0, "percent_covered_display": "0", "missing_lines": 3, "excluded_lines": 0, "percent_statements_covered": 0.0, "percent_statements_covered_display": "0"}, "missing_lines": [198, 199, 200], "excluded_lines": [], "start_line": 197}, "SerialTerminal.__init__": {"executed_lines": [449, 450, 453, 454, 455, 456, 457, 458, 459, 460, 461, 466, 467, 468, 469, 470, 471, 472, 473, 484, 488, 495, 500, 506, 509, 515, 521, 522, 523, 529], "summary": {"covered_lines": 30, "num_statements": 30, "percent_covered": 100.0, "percent_covered_display": "100", "missing_lines": 0, "excluded_lines": 0, "percent_statements_covered": 100.0, "percent_statements_covered_display": "100"}, "missing_lines": [], "excluded_lines": [], "start_line": 440}, "SerialTerminal.cfg": {"executed_lines": [534], "summary": {"covered_lines": 1, "num_statements": 1, "percent_covered": 100.0, "percent_covered_display": "100", "missing_lines": 0, "excluded_lines": 0, "percent_statements_covered": 100.0, "percent_statements_covered_display": "100"}, "missing_lines": [], "excluded_lines": [], "start_line": 532}, "SerialTerminal.engine": {"executed_lines": [539], "summary": {"covered_lines": 1, "num_statements": 1, "percent_covered": 100.0, "percent_covered_display": "100", "missing_lines": 0, "excluded_lines": 0, "percent_statements_covered": 100.0, "percent_statements_covered_display": "100"}, "missing_lines": [], "excluded_lines": [], "start_line": 537}, "SerialTerminal.capture": {"executed_lines": [], "summary": {"covered_lines": 0, "num_statements": 1, "percent_covered": 0.0, "percent_covered_display": "0", "missing_lines": 1, "excluded_lines": 0, "percent_statements_covered": 0.0, "percent_statements_covered_display": "0"}, "missing_lines": [544], "excluded_lines": [], "start_line": 542}, "SerialTerminal.is_connected": {"executed_lines": [548], "summary": {"covered_lines": 1, "num_statements": 1, "percent_covered": 100.0, "percent_covered_display": "100", "missing_lines": 0, "excluded_lines": 0, "percent_statements_covered": 100.0, "percent_statements_covered_display": "100"}, "missing_lines": [], "excluded_lines": [], "start_line": 547}, "SerialTerminal.ser": {"executed_lines": [], "summary": {"covered_lines": 0, "num_statements": 1, "percent_covered": 0.0, "percent_covered_display": "0", "missing_lines": 1, "excluded_lines": 0, "percent_statements_covered": 0.0, "percent_statements_covered_display": "0"}, "missing_lines": [553], "excluded_lines": [], "start_line": 551}, "SerialTerminal.write": {"executed_lines": [], "summary": {"covered_lines": 0, "num_statements": 1, "percent_covered": 0.0, "percent_covered_display": "0", "missing_lines": 1, "excluded_lines": 0, "percent_statements_covered": 0.0, "percent_statements_covered_display": "0"}, "missing_lines": [561], "excluded_lines": [], "start_line": 559}, "SerialTerminal.write_markup": {"executed_lines": [], "summary": {"covered_lines": 0, "num_statements": 1, "percent_covered": 0.0, "percent_covered_display": "0", "missing_lines": 1, "excluded_lines": 0, "percent_statements_covered": 0.0, "percent_statements_covered_display": "0"}, "missing_lines": [565], "excluded_lines": [], "start_line": 563}, "SerialTerminal.status": {"executed_lines": [569], "summary": {"covered_lines": 1, "num_statements": 1, "percent_covered": 100.0, "percent_covered_display": "100", "missing_lines": 0, "excluded_lines": 0, "percent_statements_covered": 100.0, "percent_statements_covered_display": "100"}, "missing_lines": [], "excluded_lines": [], "start_line": 567}, "SerialTerminal._log": {"executed_lines": [], "summary": {"covered_lines": 0, "num_statements": 1, "percent_covered": 0.0, "percent_covered_display": "0", "missing_lines": 1, "excluded_lines": 0, "percent_statements_covered": 0.0, "percent_statements_covered_display": "0"}, "missing_lines": [573], "excluded_lines": [], "start_line": 571}, "SerialTerminal._start_reader": {"executed_lines": [], "summary": {"covered_lines": 0, "num_statements": 1, "percent_covered": 0.0, "percent_covered_display": "0", "missing_lines": 1, "excluded_lines": 0, "percent_statements_covered": 0.0, "percent_statements_covered_display": "0"}, "missing_lines": [577], "excluded_lines": [], "start_line": 575}, "SerialTerminal._history_path": {"executed_lines": [581], "summary": {"covered_lines": 1, "num_statements": 1, "percent_covered": 100.0, "percent_covered_display": "100", "missing_lines": 0, "excluded_lines": 0, "percent_statements_covered": 100.0, "percent_statements_covered_display": "100"}, "missing_lines": [], "excluded_lines": [], "start_line": 579}, "SerialTerminal._load_history": {"executed_lines": [587, 588, 590, 591], "summary": {"covered_lines": 4, "num_statements": 5, "percent_covered": 80.0, "percent_covered_display": "80", "missing_lines": 1, "excluded_lines": 0, "percent_statements_covered": 80.0, "percent_statements_covered_display": "80"}, "missing_lines": [589], "excluded_lines": [], "start_line": 585}, "SerialTerminal._save_history": {"executed_lines": [595, 596, 597], "summary": {"covered_lines": 3, "num_statements": 5, "percent_covered": 60.0, "percent_covered_display": "60", "missing_lines": 2, "excluded_lines": 0, "percent_statements_covered": 60.0, "percent_statements_covered_display": "60"}, "missing_lines": [598, 599], "excluded_lines": [], "start_line": 593}, "SerialTerminal._project_files": {"executed_lines": [607, 608, 612, 613, 616], "summary": {"covered_lines": 5, "num_statements": 7, "percent_covered": 71.42857142857143, "percent_covered_display": "71", "missing_lines": 2, "excluded_lines": 0, "percent_statements_covered": 71.42857142857143, "percent_statements_covered_display": "71"}, "missing_lines": [614, 615], "excluded_lines": [], "start_line": 601}, "SerialTerminal._resolve_project_file": {"executed_lines": [], "summary": {"covered_lines": 0, "num_statements": 14, "percent_covered": 0.0, "percent_covered_display": "0", "missing_lines": 14, "excluded_lines": 0, "percent_statements_covered": 0.0, "percent_statements_covered_display": "0"}, "missing_lines": [631, 635, 636, 637, 638, 639, 640, 643, 644, 648, 649, 650, 651, 652], "excluded_lines": [], "start_line": 618}, "SerialTerminal._rebuild_suggester_commands": {"executed_lines": [656, 657, 658, 659, 665, 666, 667, 668, 669, 670, 671, 675, 676, 677, 680, 681], "summary": {"covered_lines": 16, "num_statements": 19, "percent_covered": 84.21052631578948, "percent_covered_display": "84", "missing_lines": 3, "excluded_lines": 0, "percent_statements_covered": 84.21052631578948, "percent_statements_covered_display": "84"}, "missing_lines": [672, 678, 679], "excluded_lines": [], "start_line": 654}, "SerialTerminal._update_suggester": {"executed_lines": [], "summary": {"covered_lines": 0, "num_statements": 2, "percent_covered": 0.0, "percent_covered_display": "0", "missing_lines": 2, "excluded_lines": 0, "percent_statements_covered": 0.0, "percent_statements_covered_display": "0"}, "missing_lines": [685, 686], "excluded_lines": [], "start_line": 683}, "SerialTerminal.compose": {"executed_lines": [689, 690, 691, 692, 697, 702, 703, 710, 712, 717, 719, 720, 721, 722, 723, 724, 725, 726, 727, 728, 729, 730, 731, 732, 733, 736, 737, 738, 739, 740, 741, 742, 746, 747, 748, 749, 750, 751, 752, 753, 754, 755, 756, 769, 774, 775, 776, 777, 778, 779, 780, 781, 782, 783, 794, 795, 802, 806, 811, 812, 813, 814, 815, 816, 817, 820, 821, 822, 823, 826, 827, 828, 829, 832, 833, 834, 835, 837, 843, 844, 850, 851, 854, 855, 861, 862, 863, 864, 865, 866, 867, 868, 869, 870, 877, 878, 879, 880, 881, 882, 883, 884, 885, 886], "summary": {"covered_lines": 104, "num_statements": 107, "percent_covered": 97.19626168224299, "percent_covered_display": "97", "missing_lines": 3, "excluded_lines": 0, "percent_statements_covered": 97.19626168224299, "percent_statements_covered_display": "97"}, "missing_lines": [704, 705, 718], "excluded_lines": [], "start_line": 688}, "SerialTerminal.compose._make_exit_btn": {"executed_lines": [713, 714, 715], "summary": {"covered_lines": 3, "num_statements": 3, "percent_covered": 100.0, "percent_covered_display": "100", "missing_lines": 0, "excluded_lines": 0, "percent_statements_covered": 100.0, "percent_statements_covered_display": "100"}, "missing_lines": [], "excluded_lines": [], "start_line": 712}, "SerialTerminal.compose._btn": {"executed_lines": [838, 839, 840, 841], "summary": {"covered_lines": 4, "num_statements": 4, "percent_covered": 100.0, "percent_covered_display": "100", "missing_lines": 0, "excluded_lines": 0, "percent_statements_covered": 100.0, "percent_statements_covered_display": "100"}, "missing_lines": [], "excluded_lines": [], "start_line": 837}, "SerialTerminal._show_config_info": {"executed_lines": [890, 891], "summary": {"covered_lines": 2, "num_statements": 2, "percent_covered": 100.0, "percent_covered_display": "100", "missing_lines": 0, "excluded_lines": 0, "percent_statements_covered": 100.0, "percent_statements_covered_display": "100"}, "missing_lines": [], "excluded_lines": [], "start_line": 888}, "SerialTerminal._log_path": {"executed_lines": [894, 895, 897, 898], "summary": {"covered_lines": 4, "num_statements": 6, "percent_covered": 66.66666666666667, "percent_covered_display": "67", "missing_lines": 2, "excluded_lines": 0, "percent_statements_covered": 66.66666666666667, "percent_statements_covered_display": "67"}, "missing_lines": [896, 899], "excluded_lines": [], "start_line": 892}, "SerialTerminal._open_log": {"executed_lines": [903, 904, 905, 906, 908, 909], "summary": {"covered_lines": 6, "num_statements": 7, "percent_covered": 85.71428571428571, "percent_covered_display": "86", "missing_lines": 1, "excluded_lines": 0, "percent_statements_covered": 85.71428571428571, "percent_statements_covered_display": "86"}, "missing_lines": [907], "excluded_lines": [], "start_line": 901}, "SerialTerminal._apply_border_color": {"executed_lines": [913, 915, 916, 917, 918], "summary": {"covered_lines": 5, "num_statements": 5, "percent_covered": 100.0, "percent_covered_display": "100", "missing_lines": 0, "excluded_lines": 0, "percent_statements_covered": 100.0, "percent_statements_covered_display": "100"}, "missing_lines": [], "excluded_lines": [], "start_line": 911}, "SerialTerminal.on_mount": {"executed_lines": [921, 922, 923, 927, 928, 929, 930, 931, 932], "summary": {"covered_lines": 9, "num_statements": 9, "percent_covered": 100.0, "percent_covered_display": "100", "missing_lines": 0, "excluded_lines": 0, "percent_statements_covered": 100.0, "percent_statements_covered_display": "100"}, "missing_lines": [], "excluded_lines": [], "start_line": 920}, "SerialTerminal._maybe_show_vscode_tip": {"executed_lines": [947, 948], "summary": {"covered_lines": 2, "num_statements": 15, "percent_covered": 13.333333333333334, "percent_covered_display": "13", "missing_lines": 13, "excluded_lines": 0, "percent_statements_covered": 13.333333333333334, "percent_statements_covered_display": "13"}, "missing_lines": [949, 950, 955, 956, 957, 958, 959, 960, 961, 965, 969, 973, 974], "excluded_lines": [], "start_line": 934}, "SerialTerminal._check_for_updates": {"executed_lines": [995, 997, 999, 1000, 1003, 1009, 1010, 1014, 1015], "summary": {"covered_lines": 9, "num_statements": 18, "percent_covered": 50.0, "percent_covered_display": "50", "missing_lines": 9, "excluded_lines": 0, "percent_statements_covered": 50.0, "percent_statements_covered_display": "50"}, "missing_lines": [1001, 1002, 1011, 1012, 1019, 1020, 1021, 1022, 1023], "excluded_lines": [], "start_line": 977}, "SerialTerminal._reveal_update_button": {"executed_lines": [], "summary": {"covered_lines": 0, "num_statements": 4, "percent_covered": 0.0, "percent_covered_display": "0", "missing_lines": 4, "excluded_lines": 0, "percent_statements_covered": 0.0, "percent_statements_covered_display": "0"}, "missing_lines": [1027, 1028, 1029, 1030], "excluded_lines": [], "start_line": 1025}, "SerialTerminal._refresh_help_tooltip": {"executed_lines": [1040, 1042, 1043, 1046, 1047], "summary": {"covered_lines": 5, "num_statements": 9, "percent_covered": 55.55555555555556, "percent_covered_display": "56", "missing_lines": 4, "excluded_lines": 0, "percent_statements_covered": 55.55555555555556, "percent_statements_covered_display": "56"}, "missing_lines": [1044, 1045, 1048, 1049], "excluded_lines": [], "start_line": 1032}, "SerialTerminal._btn_update": {"executed_lines": [], "summary": {"covered_lines": 0, "num_statements": 6, "percent_covered": 0.0, "percent_covered_display": "0", "missing_lines": 6, "excluded_lines": 0, "percent_statements_covered": 0.0, "percent_statements_covered_display": "0"}, "missing_lines": [1053, 1054, 1055, 1056, 1058, 1062], "excluded_lines": [], "start_line": 1051}, "SerialTerminal._btn_update._on_result": {"executed_lines": [], "summary": {"covered_lines": 0, "num_statements": 2, "percent_covered": 0.0, "percent_covered_display": "0", "missing_lines": 2, "excluded_lines": 0, "percent_statements_covered": 0.0, "percent_statements_covered_display": "0"}, "missing_lines": [1059, 1060], "excluded_lines": [], "start_line": 1058}, "SerialTerminal._setup_vars": {"executed_lines": [1069, 1075, 1076, 1080], "summary": {"covered_lines": 4, "num_statements": 4, "percent_covered": 100.0, "percent_covered_display": "100", "missing_lines": 0, "excluded_lines": 0, "percent_statements_covered": 100.0, "percent_statements_covered_display": "100"}, "missing_lines": [], "excluded_lines": [], "start_line": 1067}, "SerialTerminal._build_context": {"executed_lines": [1088, 1090, 1091, 1094, 1095, 1096, 1099, 1101, 1103, 1104, 1105, 1106, 1111, 1112, 1113, 1114, 1115, 1116, 1119, 1120, 1124, 1125, 1137, 1139, 1140, 1141, 1144, 1145], "summary": {"covered_lines": 28, "num_statements": 29, "percent_covered": 96.55172413793103, "percent_covered_display": "97", "missing_lines": 1, "excluded_lines": 0, "percent_statements_covered": 96.55172413793103, "percent_statements_covered_display": "97"}, "missing_lines": [1146], "excluded_lines": [], "start_line": 1086}, "SerialTerminal._register_tui_hooks": {"executed_lines": [1155, 1156], "summary": {"covered_lines": 2, "num_statements": 2, "percent_covered": 100.0, "percent_covered_display": "100", "missing_lines": 0, "excluded_lines": 0, "percent_statements_covered": 100.0, "percent_statements_covered_display": "100"}, "missing_lines": [], "excluded_lines": [], "start_line": 1148}, "SerialTerminal._load_plugins": {"executed_lines": [1167, 1168, 1175, 1179, 1180, 1181, 1185], "summary": {"covered_lines": 7, "num_statements": 10, "percent_covered": 70.0, "percent_covered_display": "70", "missing_lines": 3, "excluded_lines": 0, "percent_statements_covered": 70.0, "percent_statements_covered_display": "70"}, "missing_lines": [1169, 1173, 1174], "excluded_lines": [], "start_line": 1158}, "SerialTerminal._run_startup": {"executed_lines": [1189, 1190, 1191, 1192, 1193, 1195, 1202, 1204, 1209, 1212, 1213, 1214], "summary": {"covered_lines": 12, "num_statements": 17, "percent_covered": 70.58823529411765, "percent_covered_display": "71", "missing_lines": 5, "excluded_lines": 0, "percent_statements_covered": 70.58823529411765, "percent_statements_covered_display": "71"}, "missing_lines": [1194, 1196, 1203, 1205, 1210], "excluded_lines": [], "start_line": 1187}, "SerialTerminal.on_unmount": {"executed_lines": [1217, 1218, 1219, 1220, 1225, 1226, 1227, 1228], "summary": {"covered_lines": 8, "num_statements": 8, "percent_covered": 100.0, "percent_covered_display": "100", "missing_lines": 0, "excluded_lines": 0, "percent_statements_covered": 100.0, "percent_statements_covered_display": "100"}, "missing_lines": [], "excluded_lines": [], "start_line": 1216}, "SerialTerminal._connect": {"executed_lines": [], "summary": {"covered_lines": 0, "num_statements": 4, "percent_covered": 0.0, "percent_covered_display": "0", "missing_lines": 4, "excluded_lines": 0, "percent_statements_covered": 0.0, "percent_statements_covered_display": "0"}, "missing_lines": [1231, 1232, 1236, 1237], "excluded_lines": [], "start_line": 1230}, "SerialTerminal._on_connected": {"executed_lines": [], "summary": {"covered_lines": 0, "num_statements": 17, "percent_covered": 0.0, "percent_covered_display": "0", "missing_lines": 17, "excluded_lines": 0, "percent_statements_covered": 0.0, "percent_statements_covered_display": "0"}, "missing_lines": [1241, 1242, 1243, 1244, 1245, 1246, 1247, 1248, 1249, 1250, 1251, 1252, 1253, 1254, 1255, 1256, 1257], "excluded_lines": [], "start_line": 1239}, "SerialTerminal._on_connect_failed": {"executed_lines": [], "summary": {"covered_lines": 0, "num_statements": 4, "percent_covered": 0.0, "percent_covered_display": "0", "missing_lines": 4, "excluded_lines": 0, "percent_statements_covered": 0.0, "percent_statements_covered_display": "0"}, "missing_lines": [1261, 1262, 1263, 1264], "excluded_lines": [], "start_line": 1259}, "SerialTerminal._auto_reconnect": {"executed_lines": [], "summary": {"covered_lines": 0, "num_statements": 4, "percent_covered": 0.0, "percent_covered_display": "0", "missing_lines": 4, "excluded_lines": 0, "percent_statements_covered": 0.0, "percent_statements_covered_display": "0"}, "missing_lines": [1275, 1276, 1277, 1278], "excluded_lines": [], "start_line": 1266}, "SerialTerminal._run_reconnect": {"executed_lines": [], "summary": {"covered_lines": 0, "num_statements": 8, "percent_covered": 0.0, "percent_covered_display": "0", "missing_lines": 8, "excluded_lines": 0, "percent_statements_covered": 0.0, "percent_statements_covered_display": "0"}, "missing_lines": [1283, 1284, 1285, 1290, 1291, 1292, 1293, 1295], "excluded_lines": [], "start_line": 1281}, "SerialTerminal._open_proto_debug": {"executed_lines": [], "summary": {"covered_lines": 0, "num_statements": 8, "percent_covered": 0.0, "percent_covered_display": "0", "missing_lines": 8, "excluded_lines": 0, "percent_statements_covered": 0.0, "percent_statements_covered_display": "0"}, "missing_lines": [1308, 1309, 1310, 1311, 1316, 1317, 1319, 1320], "excluded_lines": [], "start_line": 1297}, "SerialTerminal._run_lines": {"executed_lines": [], "summary": {"covered_lines": 0, "num_statements": 3, "percent_covered": 0.0, "percent_covered_display": "0", "missing_lines": 3, "excluded_lines": 0, "percent_statements_covered": 0.0, "percent_statements_covered_display": "0"}, "missing_lines": [1336, 1337, 1338], "excluded_lines": [], "start_line": 1323}, "SerialTerminal._send_lines": {"executed_lines": [], "summary": {"covered_lines": 0, "num_statements": 11, "percent_covered": 0.0, "percent_covered_display": "0", "missing_lines": 11, "excluded_lines": 0, "percent_statements_covered": 0.0, "percent_statements_covered_display": "0"}, "missing_lines": [1346, 1347, 1348, 1349, 1350, 1351, 1352, 1353, 1354, 1355, 1356], "excluded_lines": [], "start_line": 1340}, "SerialTerminal._on_main": {"executed_lines": [], "summary": {"covered_lines": 0, "num_statements": 6, "percent_covered": 0.0, "percent_covered_display": "0", "missing_lines": 6, "excluded_lines": 0, "percent_statements_covered": 0.0, "percent_statements_covered_display": "0"}, "missing_lines": [1360, 1361, 1362, 1363, 1364, 1365], "excluded_lines": [], "start_line": 1358}, "SerialTerminal._status": {"executed_lines": [1373, 1379, 1380, 1383, 1384, 1385], "summary": {"covered_lines": 6, "num_statements": 11, "percent_covered": 54.54545454545455, "percent_covered_display": "55", "missing_lines": 5, "excluded_lines": 0, "percent_statements_covered": 54.54545454545455, "percent_statements_covered_display": "55"}, "missing_lines": [1374, 1375, 1376, 1377, 1378], "excluded_lines": [], "start_line": 1367}, "SerialTerminal._set_status_bar": {"executed_lines": [], "summary": {"covered_lines": 0, "num_statements": 10, "percent_covered": 0.0, "percent_covered_display": "0", "missing_lines": 10, "excluded_lines": 0, "percent_statements_covered": 0.0, "percent_statements_covered_display": "0"}, "missing_lines": [1394, 1395, 1396, 1397, 1398, 1399, 1400, 1401, 1402, 1403], "excluded_lines": [], "start_line": 1387}, "SerialTerminal._log_line": {"executed_lines": [1412, 1413, 1414, 1415, 1416], "summary": {"covered_lines": 5, "num_statements": 7, "percent_covered": 71.42857142857143, "percent_covered_display": "71", "missing_lines": 2, "excluded_lines": 0, "percent_statements_covered": 71.42857142857143, "percent_statements_covered_display": "71"}, "missing_lines": [1417, 1418], "excluded_lines": [], "start_line": 1405}, "SerialTerminal._serial_write": {"executed_lines": [], "summary": {"covered_lines": 0, "num_statements": 4, "percent_covered": 0.0, "percent_covered_display": "0", "missing_lines": 4, "excluded_lines": 0, "percent_statements_covered": 0.0, "percent_statements_covered_display": "0"}, "missing_lines": [1422, 1423, 1424, 1426], "excluded_lines": [], "start_line": 1420}, "SerialTerminal._confirm": {"executed_lines": [], "summary": {"covered_lines": 0, "num_statements": 10, "percent_covered": 0.0, "percent_covered_display": "0", "missing_lines": 10, "excluded_lines": 0, "percent_statements_covered": 0.0, "percent_statements_covered_display": "0"}, "missing_lines": [1447, 1448, 1450, 1459, 1460, 1461, 1465, 1466, 1467, 1468], "excluded_lines": [], "start_line": 1428}, "SerialTerminal._confirm._show": {"executed_lines": [], "summary": {"covered_lines": 0, "num_statements": 2, "percent_covered": 0.0, "percent_covered_display": "0", "missing_lines": 2, "excluded_lines": 0, "percent_statements_covered": 0.0, "percent_statements_covered_display": "0"}, "missing_lines": [1451, 1455], "excluded_lines": [], "start_line": 1450}, "SerialTerminal._confirm._show._on_result": {"executed_lines": [], "summary": {"covered_lines": 0, "num_statements": 2, "percent_covered": 0.0, "percent_covered_display": "0", "missing_lines": 2, "excluded_lines": 0, "percent_statements_covered": 0.0, "percent_statements_covered_display": "0"}, "missing_lines": [1452, 1453], "excluded_lines": [], "start_line": 1451}, "SerialTerminal._write_output_markup": {"executed_lines": [], "summary": {"covered_lines": 0, "num_statements": 7, "percent_covered": 0.0, "percent_covered_display": "0", "missing_lines": 7, "excluded_lines": 0, "percent_statements_covered": 0.0, "percent_statements_covered_display": "0"}, "missing_lines": [1471, 1472, 1473, 1474, 1475, 1476, 1477], "excluded_lines": [], "start_line": 1470}, "SerialTerminal._report_exception": {"executed_lines": [], "summary": {"covered_lines": 0, "num_statements": 6, "percent_covered": 0.0, "percent_covered_display": "0", "missing_lines": 6, "excluded_lines": 0, "percent_statements_covered": 0.0, "percent_statements_covered_display": "0"}, "missing_lines": [1488, 1489, 1490, 1491, 1493, 1494], "excluded_lines": [], "start_line": 1479}, "SerialTerminal._disconnect": {"executed_lines": [1497, 1499], "summary": {"covered_lines": 2, "num_statements": 3, "percent_covered": 66.66666666666667, "percent_covered_display": "67", "missing_lines": 1, "excluded_lines": 0, "percent_statements_covered": 66.66666666666667, "percent_statements_covered_display": "67"}, "missing_lines": [1498], "excluded_lines": [], "start_line": 1496}, "SerialTerminal._on_disconnected": {"executed_lines": [], "summary": {"covered_lines": 0, "num_statements": 13, "percent_covered": 0.0, "percent_covered_display": "0", "missing_lines": 13, "excluded_lines": 0, "percent_statements_covered": 0.0, "percent_statements_covered_display": "0"}, "missing_lines": [1509, 1510, 1511, 1512, 1513, 1514, 1515, 1516, 1517, 1518, 1519, 1520, 1521], "excluded_lines": [], "start_line": 1501}, "SerialTerminal._sync_hw_visibility": {"executed_lines": [1525, 1526, 1527, 1528], "summary": {"covered_lines": 4, "num_statements": 4, "percent_covered": 100.0, "percent_covered_display": "100", "missing_lines": 0, "excluded_lines": 0, "percent_statements_covered": 100.0, "percent_statements_covered_display": "100"}, "missing_lines": [], "excluded_lines": [], "start_line": 1523}, "SerialTerminal._switch_config": {"executed_lines": [1532, 1533, 1534, 1535, 1536, 1538, 1539, 1549, 1550, 1555, 1556, 1557, 1560, 1561, 1562, 1563, 1564, 1565, 1566, 1567, 1568, 1569, 1570, 1571, 1572, 1573, 1574, 1575, 1576, 1577, 1578, 1579, 1580], "summary": {"covered_lines": 33, "num_statements": 35, "percent_covered": 94.28571428571429, "percent_covered_display": "94", "missing_lines": 2, "excluded_lines": 0, "percent_statements_covered": 94.28571428571429, "percent_statements_covered_display": "94"}, "missing_lines": [1537, 1581], "excluded_lines": [], "start_line": 1530}, "SerialTerminal._load_and_report": {"executed_lines": [1602, 1603, 1604, 1605, 1606, 1609, 1612, 1613, 1614, 1615, 1617, 1618, 1621, 1626], "summary": {"covered_lines": 14, "num_statements": 21, "percent_covered": 66.66666666666667, "percent_covered_display": "67", "missing_lines": 7, "excluded_lines": 0, "percent_statements_covered": 66.66666666666667, "percent_statements_covered_display": "67"}, "missing_lines": [1607, 1608, 1610, 1611, 1616, 1622, 1627], "excluded_lines": [], "start_line": 1583}, "SerialTerminal._reload_config_plugins": {"executed_lines": [1639, 1640, 1645, 1647, 1651, 1652, 1655, 1656, 1660], "summary": {"covered_lines": 9, "num_statements": 13, "percent_covered": 69.23076923076923, "percent_covered_display": "69", "missing_lines": 4, "excluded_lines": 0, "percent_statements_covered": 69.23076923076923, "percent_statements_covered_display": "69"}, "missing_lines": [1646, 1648, 1653, 1654], "excluded_lines": [], "start_line": 1629}, "SerialTerminal._switch_to_cli": {"executed_lines": [], "summary": {"covered_lines": 0, "num_statements": 4, "percent_covered": 0.0, "percent_covered_display": "0", "missing_lines": 4, "excluded_lines": 0, "percent_statements_covered": 0.0, "percent_statements_covered_display": "0"}, "missing_lines": [1664, 1666, 1667, 1670], "excluded_lines": [], "start_line": 1662}, "SerialTerminal._switch_to_vt100": {"executed_lines": [], "summary": {"covered_lines": 0, "num_statements": 5, "percent_covered": 0.0, "percent_covered_display": "0", "missing_lines": 5, "excluded_lines": 0, "percent_statements_covered": 0.0, "percent_statements_covered_display": "0"}, "missing_lines": [1684, 1685, 1686, 1687, 1688], "excluded_lines": [], "start_line": 1672}, "SerialTerminal._start_demo": {"executed_lines": [], "summary": {"covered_lines": 0, "num_statements": 3, "percent_covered": 0.0, "percent_covered_display": "0", "missing_lines": 3, "excluded_lines": 0, "percent_statements_covered": 0.0, "percent_statements_covered_display": "0"}, "missing_lines": [1696, 1697, 1700], "excluded_lines": [], "start_line": 1690}, "SerialTerminal._start_demo_async": {"executed_lines": [], "summary": {"covered_lines": 0, "num_statements": 19, "percent_covered": 0.0, "percent_covered_display": "0", "missing_lines": 19, "excluded_lines": 0, "percent_statements_covered": 0.0, "percent_statements_covered_display": "0"}, "missing_lines": [1705, 1706, 1707, 1708, 1709, 1711, 1712, 1713, 1715, 1716, 1719, 1721, 1722, 1723, 1724, 1725, 1726, 1727, 1728], "excluded_lines": [], "start_line": 1703}, "SerialTerminal._confirm_delete": {"executed_lines": [], "summary": {"covered_lines": 0, "num_statements": 3, "percent_covered": 0.0, "percent_covered_display": "0", "missing_lines": 3, "excluded_lines": 0, "percent_statements_covered": 0.0, "percent_statements_covered_display": "0"}, "missing_lines": [1736, 1738, 1749], "excluded_lines": [], "start_line": 1734}, "SerialTerminal._confirm_delete._on_confirm": {"executed_lines": [], "summary": {"covered_lines": 0, "num_statements": 9, "percent_covered": 0.0, "percent_covered_display": "0", "missing_lines": 9, "excluded_lines": 0, "percent_statements_covered": 0.0, "percent_statements_covered_display": "0"}, "missing_lines": [1739, 1740, 1741, 1742, 1743, 1744, 1745, 1746, 1747], "excluded_lines": [], "start_line": 1738}, "SerialTerminal._check_port_and_switch": {"executed_lines": [], "summary": {"covered_lines": 0, "num_statements": 18, "percent_covered": 0.0, "percent_covered_display": "0", "missing_lines": 18, "excluded_lines": 0, "percent_statements_covered": 0.0, "percent_statements_covered_display": "0"}, "missing_lines": [1756, 1760, 1761, 1763, 1764, 1765, 1767, 1768, 1769, 1770, 1771, 1772, 1773, 1774, 1775, 1777, 1778, 1779], "excluded_lines": [], "start_line": 1754}, "SerialTerminal._on_load_port_picked": {"executed_lines": [], "summary": {"covered_lines": 0, "num_statements": 6, "percent_covered": 0.0, "percent_covered_display": "0", "missing_lines": 6, "excluded_lines": 0, "percent_statements_covered": 0.0, "percent_statements_covered_display": "0"}, "missing_lines": [1782, 1783, 1784, 1785, 1786, 1787], "excluded_lines": [], "start_line": 1781}, "SerialTerminal._on_config_picked": {"executed_lines": [], "summary": {"covered_lines": 0, "num_statements": 35, "percent_covered": 0.0, "percent_covered_display": "0", "missing_lines": 35, "excluded_lines": 0, "percent_statements_covered": 0.0, "percent_statements_covered_display": "0"}, "missing_lines": [1790, 1791, 1792, 1793, 1794, 1795, 1796, 1797, 1798, 1799, 1800, 1801, 1802, 1803, 1804, 1805, 1806, 1807, 1808, 1812, 1813, 1814, 1816, 1823, 1827, 1828, 1829, 1830, 1831, 1835, 1836, 1839, 1840, 1841, 1846], "excluded_lines": [], "start_line": 1789}, "SerialTerminal._on_config_result": {"executed_lines": [], "summary": {"covered_lines": 0, "num_statements": 2, "percent_covered": 0.0, "percent_covered_display": "0", "missing_lines": 2, "excluded_lines": 0, "percent_statements_covered": 0.0, "percent_statements_covered_display": "0"}, "missing_lines": [1850, 1851], "excluded_lines": [], "start_line": 1848}, "SerialTerminal._port_info_str": {"executed_lines": [1864, 1866, 1867, 1869], "summary": {"covered_lines": 4, "num_statements": 5, "percent_covered": 80.0, "percent_covered_display": "80", "missing_lines": 1, "excluded_lines": 0, "percent_statements_covered": 80.0, "percent_statements_covered_display": "80"}, "missing_lines": [1868], "excluded_lines": [], "start_line": 1852}, "SerialTerminal._update_title": {"executed_lines": [1873, 1874], "summary": {"covered_lines": 2, "num_statements": 2, "percent_covered": 100.0, "percent_covered_display": "100", "missing_lines": 0, "excluded_lines": 0, "percent_statements_covered": 100.0, "percent_statements_covered_display": "100"}, "missing_lines": [], "excluded_lines": [], "start_line": 1871}, "SerialTerminal._port_button_tooltip": {"executed_lines": [1890, 1891, 1893, 1894, 1895, 1900], "summary": {"covered_lines": 6, "num_statements": 6, "percent_covered": 100.0, "percent_covered_display": "100", "missing_lines": 0, "excluded_lines": 0, "percent_statements_covered": 100.0, "percent_statements_covered_display": "100"}, "missing_lines": [], "excluded_lines": [], "start_line": 1875}, "SerialTerminal._set_conn_status": {"executed_lines": [], "summary": {"covered_lines": 0, "num_statements": 10, "percent_covered": 0.0, "percent_covered_display": "0", "missing_lines": 10, "excluded_lines": 0, "percent_statements_covered": 0.0, "percent_statements_covered_display": "0"}, "missing_lines": [1905, 1906, 1910, 1911, 1912, 1913, 1914, 1915, 1916, 1917], "excluded_lines": [], "start_line": 1904}, "SerialTerminal._update_conn_tooltip": {"executed_lines": [1921, 1922], "summary": {"covered_lines": 2, "num_statements": 2, "percent_covered": 100.0, "percent_covered_display": "100", "missing_lines": 0, "excluded_lines": 0, "percent_statements_covered": 100.0, "percent_statements_covered_display": "100"}, "missing_lines": [], "excluded_lines": [], "start_line": 1919}, "SerialTerminal._sync_hw_buttons": {"executed_lines": [], "summary": {"covered_lines": 0, "num_statements": 10, "percent_covered": 0.0, "percent_covered_display": "0", "missing_lines": 10, "excluded_lines": 0, "percent_statements_covered": 0.0, "percent_statements_covered_display": "0"}, "missing_lines": [1925, 1926, 1927, 1928, 1929, 1930, 1931, 1932, 1933, 1934], "excluded_lines": [], "start_line": 1923}, "SerialTerminal._btn_title_right": {"executed_lines": [], "summary": {"covered_lines": 0, "num_statements": 6, "percent_covered": 0.0, "percent_covered_display": "0", "missing_lines": 6, "excluded_lines": 0, "percent_statements_covered": 0.0, "percent_statements_covered_display": "0"}, "missing_lines": [1937, 1938, 1939, 1940, 1941, 1943], "excluded_lines": [], "start_line": 1936}, "SerialTerminal._btn_title_center": {"executed_lines": [], "summary": {"covered_lines": 0, "num_statements": 8, "percent_covered": 0.0, "percent_covered_display": "0", "missing_lines": 8, "excluded_lines": 0, "percent_statements_covered": 0.0, "percent_statements_covered_display": "0"}, "missing_lines": [1946, 1947, 1948, 1949, 1950, 1951, 1952, 1957], "excluded_lines": [], "start_line": 1945}, "SerialTerminal._on_btn_dtr": {"executed_lines": [], "summary": {"covered_lines": 0, "num_statements": 2, "percent_covered": 0.0, "percent_covered_display": "0", "missing_lines": 2, "excluded_lines": 0, "percent_statements_covered": 0.0, "percent_statements_covered_display": "0"}, "missing_lines": [1965, 1966], "excluded_lines": [], "start_line": 1964}, "SerialTerminal._on_btn_rts": {"executed_lines": [], "summary": {"covered_lines": 0, "num_statements": 2, "percent_covered": 0.0, "percent_covered_display": "0", "missing_lines": 2, "excluded_lines": 0, "percent_statements_covered": 0.0, "percent_statements_covered_display": "0"}, "missing_lines": [1974, 1975], "excluded_lines": [], "start_line": 1973}, "SerialTerminal._on_btn_break": {"executed_lines": [], "summary": {"covered_lines": 0, "num_statements": 3, "percent_covered": 0.0, "percent_covered_display": "0", "missing_lines": 3, "excluded_lines": 0, "percent_statements_covered": 0.0, "percent_statements_covered_display": "0"}, "missing_lines": [1983, 1985, 1989], "excluded_lines": [], "start_line": 1982}, "SerialTerminal._on_btn_break._send": {"executed_lines": [], "summary": {"covered_lines": 0, "num_statements": 2, "percent_covered": 0.0, "percent_covered_display": "0", "missing_lines": 2, "excluded_lines": 0, "percent_statements_covered": 0.0, "percent_statements_covered_display": "0"}, "missing_lines": [1986, 1987], "excluded_lines": [], "start_line": 1985}, "SerialTerminal._btn_scripts": {"executed_lines": [], "summary": {"covered_lines": 0, "num_statements": 1, "percent_covered": 0.0, "percent_covered_display": "0", "missing_lines": 1, "excluded_lines": 0, "percent_statements_covered": 0.0, "percent_statements_covered_display": "0"}, "missing_lines": [1992], "excluded_lines": [], "start_line": 1991}, "SerialTerminal._btn_proto": {"executed_lines": [], "summary": {"covered_lines": 0, "num_statements": 1, "percent_covered": 0.0, "percent_covered_display": "0", "missing_lines": 1, "excluded_lines": 0, "percent_statements_covered": 0.0, "percent_statements_covered_display": "0"}, "missing_lines": [2000], "excluded_lines": [], "start_line": 1999}, "SerialTerminal._btn_cfg": {"executed_lines": [], "summary": {"covered_lines": 0, "num_statements": 1, "percent_covered": 0.0, "percent_covered_display": "0", "missing_lines": 1, "excluded_lines": 0, "percent_statements_covered": 0.0, "percent_statements_covered_display": "0"}, "missing_lines": [2008], "excluded_lines": [], "start_line": 2007}, "SerialTerminal._btn_exit": {"executed_lines": [], "summary": {"covered_lines": 0, "num_statements": 3, "percent_covered": 0.0, "percent_covered_display": "0", "missing_lines": 3, "excluded_lines": 0, "percent_statements_covered": 0.0, "percent_statements_covered_display": "0"}, "missing_lines": [2016, 2017, 2018], "excluded_lines": [], "start_line": 2015}, "SerialTerminal._btn_help": {"executed_lines": [], "summary": {"covered_lines": 0, "num_statements": 1, "percent_covered": 0.0, "percent_covered_display": "0", "missing_lines": 1, "excluded_lines": 0, "percent_statements_covered": 0.0, "percent_statements_covered_display": "0"}, "missing_lines": [2054], "excluded_lines": [], "start_line": 2053}, "SerialTerminal._btn_log": {"executed_lines": [], "summary": {"covered_lines": 0, "num_statements": 1, "percent_covered": 0.0, "percent_covered_display": "0", "missing_lines": 1, "excluded_lines": 0, "percent_statements_covered": 0.0, "percent_statements_covered_display": "0"}, "missing_lines": [2057], "excluded_lines": [], "start_line": 2056}, "SerialTerminal._btn_record": {"executed_lines": [], "summary": {"covered_lines": 0, "num_statements": 5, "percent_covered": 0.0, "percent_covered_display": "0", "missing_lines": 5, "excluded_lines": 0, "percent_statements_covered": 0.0, "percent_statements_covered_display": "0"}, "missing_lines": [2069, 2070, 2074, 2075, 2079], "excluded_lines": [], "start_line": 2059}, "SerialTerminal._on_record_filename": {"executed_lines": [], "summary": {"covered_lines": 0, "num_statements": 4, "percent_covered": 0.0, "percent_covered_display": "0", "missing_lines": 4, "excluded_lines": 0, "percent_statements_covered": 0.0, "percent_statements_covered_display": "0"}, "missing_lines": [2089, 2090, 2091, 2092], "excluded_lines": [], "start_line": 2087}, "SerialTerminal._refresh_record_button": {"executed_lines": [], "summary": {"covered_lines": 0, "num_statements": 10, "percent_covered": 0.0, "percent_covered_display": "0", "missing_lines": 10, "excluded_lines": 0, "percent_statements_covered": 0.0, "percent_statements_covered_display": "0"}, "missing_lines": [2103, 2104, 2105, 2106, 2107, 2108, 2109, 2110, 2112, 2113], "excluded_lines": [], "start_line": 2094}, "SerialTerminal._update_find_bar": {"executed_lines": [], "summary": {"covered_lines": 0, "num_statements": 51, "percent_covered": 0.0, "percent_covered_display": "0", "missing_lines": 51, "excluded_lines": 0, "percent_statements_covered": 0.0, "percent_statements_covered_display": "0"}, "missing_lines": [2132, 2133, 2134, 2135, 2136, 2137, 2138, 2141, 2142, 2143, 2144, 2145, 2146, 2148, 2155, 2156, 2157, 2158, 2159, 2160, 2161, 2162, 2168, 2171, 2173, 2176, 2177, 2180, 2181, 2182, 2183, 2184, 2185, 2190, 2191, 2192, 2199, 2224, 2225, 2226, 2227, 2230, 2231, 2236, 2237, 2242, 2243, 2244, 2245, 2248, 2249], "excluded_lines": [], "start_line": 2121}, "SerialTerminal._scroll_to_find_match": {"executed_lines": [], "summary": {"covered_lines": 0, "num_statements": 8, "percent_covered": 0.0, "percent_covered_display": "0", "missing_lines": 8, "excluded_lines": 0, "percent_statements_covered": 0.0, "percent_statements_covered_display": "0"}, "missing_lines": [2269, 2270, 2271, 2272, 2273, 2274, 2275, 2276], "excluded_lines": [], "start_line": 2253}, "SerialTerminal._btn_find_prev": {"executed_lines": [], "summary": {"covered_lines": 0, "num_statements": 1, "percent_covered": 0.0, "percent_covered_display": "0", "missing_lines": 1, "excluded_lines": 0, "percent_statements_covered": 0.0, "percent_statements_covered_display": "0"}, "missing_lines": [2281], "excluded_lines": [], "start_line": 2278}, "SerialTerminal._btn_find_next": {"executed_lines": [], "summary": {"covered_lines": 0, "num_statements": 1, "percent_covered": 0.0, "percent_covered_display": "0", "missing_lines": 1, "excluded_lines": 0, "percent_statements_covered": 0.0, "percent_statements_covered_display": "0"}, "missing_lines": [2284], "excluded_lines": [], "start_line": 2283}, "SerialTerminal._btn_find_close": {"executed_lines": [], "summary": {"covered_lines": 0, "num_statements": 1, "percent_covered": 0.0, "percent_covered_display": "0", "missing_lines": 1, "excluded_lines": 0, "percent_statements_covered": 0.0, "percent_statements_covered_display": "0"}, "missing_lines": [2287], "excluded_lines": [], "start_line": 2286}, "SerialTerminal._btn_script_stop": {"executed_lines": [], "summary": {"covered_lines": 0, "num_statements": 1, "percent_covered": 0.0, "percent_covered_display": "0", "missing_lines": 1, "excluded_lines": 0, "percent_statements_covered": 0.0, "percent_statements_covered_display": "0"}, "missing_lines": [2290], "excluded_lines": [], "start_line": 2289}, "SerialTerminal.on_button_pressed": {"executed_lines": [], "summary": {"covered_lines": 0, "num_statements": 6, "percent_covered": 0.0, "percent_covered_display": "0", "missing_lines": 6, "excluded_lines": 0, "percent_statements_covered": 0.0, "percent_statements_covered_display": "0"}, "missing_lines": [2294, 2295, 2296, 2297, 2298, 2299], "excluded_lines": [], "start_line": 2292}, "SerialTerminal._run_custom_button": {"executed_lines": [], "summary": {"covered_lines": 0, "num_statements": 12, "percent_covered": 0.0, "percent_covered_display": "0", "missing_lines": 12, "excluded_lines": 0, "percent_statements_covered": 0.0, "percent_statements_covered_display": "0"}, "missing_lines": [2306, 2307, 2308, 2309, 2310, 2311, 2312, 2313, 2314, 2315, 2316, 2317], "excluded_lines": [], "start_line": 2301}, "SerialTerminal._show_port_picker": {"executed_lines": [], "summary": {"covered_lines": 0, "num_statements": 2, "percent_covered": 0.0, "percent_covered_display": "0", "missing_lines": 2, "excluded_lines": 0, "percent_statements_covered": 0.0, "percent_statements_covered_display": "0"}, "missing_lines": [2321, 2322], "excluded_lines": [], "start_line": 2319}, "SerialTerminal._update_port": {"executed_lines": [], "summary": {"covered_lines": 0, "num_statements": 2, "percent_covered": 0.0, "percent_covered_display": "0", "missing_lines": 2, "excluded_lines": 0, "percent_statements_covered": 0.0, "percent_statements_covered_display": "0"}, "missing_lines": [2325, 2326], "excluded_lines": [], "start_line": 2323}, "SerialTerminal._on_port_picked": {"executed_lines": [], "summary": {"covered_lines": 0, "num_statements": 2, "percent_covered": 0.0, "percent_covered_display": "0", "missing_lines": 2, "excluded_lines": 0, "percent_statements_covered": 0.0, "percent_statements_covered_display": "0"}, "missing_lines": [2331, 2332], "excluded_lines": [], "start_line": 2329}, "SerialTerminal._new_config": {"executed_lines": [], "summary": {"covered_lines": 0, "num_statements": 1, "percent_covered": 0.0, "percent_covered_display": "0", "missing_lines": 1, "excluded_lines": 0, "percent_statements_covered": 0.0, "percent_statements_covered_display": "0"}, "missing_lines": [2336], "excluded_lines": [], "start_line": 2335}, "SerialTerminal._on_quick_setup": {"executed_lines": [], "summary": {"covered_lines": 0, "num_statements": 2, "percent_covered": 0.0, "percent_covered_display": "0", "missing_lines": 2, "excluded_lines": 0, "percent_statements_covered": 0.0, "percent_statements_covered_display": "0"}, "missing_lines": [2340, 2341], "excluded_lines": [], "start_line": 2338}, "SerialTerminal._palette_edit_config": {"executed_lines": [], "summary": {"covered_lines": 0, "num_statements": 1, "percent_covered": 0.0, "percent_covered_display": "0", "missing_lines": 1, "excluded_lines": 0, "percent_statements_covered": 0.0, "percent_statements_covered_display": "0"}, "missing_lines": [2343], "excluded_lines": [], "start_line": 2342}, "SerialTerminal._palette_load_config": {"executed_lines": [], "summary": {"covered_lines": 0, "num_statements": 1, "percent_covered": 0.0, "percent_covered_display": "0", "missing_lines": 1, "excluded_lines": 0, "percent_statements_covered": 0.0, "percent_statements_covered_display": "0"}, "missing_lines": [2349], "excluded_lines": [], "start_line": 2348}, "SerialTerminal._palette_new_config": {"executed_lines": [], "summary": {"covered_lines": 0, "num_statements": 1, "percent_covered": 0.0, "percent_covered_display": "0", "missing_lines": 1, "excluded_lines": 0, "percent_statements_covered": 0.0, "percent_statements_covered_display": "0"}, "missing_lines": [2357], "excluded_lines": [], "start_line": 2356}, "SerialTerminal._palette_view_log": {"executed_lines": [], "summary": {"covered_lines": 0, "num_statements": 1, "percent_covered": 0.0, "percent_covered_display": "0", "missing_lines": 1, "excluded_lines": 0, "percent_statements_covered": 0.0, "percent_statements_covered_display": "0"}, "missing_lines": [2360], "excluded_lines": [], "start_line": 2359}, "SerialTerminal._palette_delete_log": {"executed_lines": [], "summary": {"covered_lines": 0, "num_statements": 6, "percent_covered": 0.0, "percent_covered_display": "0", "missing_lines": 6, "excluded_lines": 0, "percent_statements_covered": 0.0, "percent_statements_covered_display": "0"}, "missing_lines": [2364, 2365, 2366, 2367, 2369, 2375], "excluded_lines": [], "start_line": 2362}, "SerialTerminal._palette_delete_log.on_confirmed": {"executed_lines": [], "summary": {"covered_lines": 0, "num_statements": 2, "percent_covered": 0.0, "percent_covered_display": "0", "missing_lines": 2, "excluded_lines": 0, "percent_statements_covered": 0.0, "percent_statements_covered_display": "0"}, "missing_lines": [2372, 2373], "excluded_lines": [], "start_line": 2369}, "SerialTerminal._palette_clear": {"executed_lines": [], "summary": {"covered_lines": 0, "num_statements": 4, "percent_covered": 0.0, "percent_covered_display": "0", "missing_lines": 4, "excluded_lines": 0, "percent_statements_covered": 0.0, "percent_statements_covered_display": "0"}, "missing_lines": [2381, 2382, 2383, 2384], "excluded_lines": [], "start_line": 2380}, "SerialTerminal._palette_list_ports": {"executed_lines": [], "summary": {"covered_lines": 0, "num_statements": 1, "percent_covered": 0.0, "percent_covered_display": "0", "missing_lines": 1, "excluded_lines": 0, "percent_statements_covered": 0.0, "percent_statements_covered_display": "0"}, "missing_lines": [2387], "excluded_lines": [], "start_line": 2386}, "SerialTerminal._palette_list_vars": {"executed_lines": [], "summary": {"covered_lines": 0, "num_statements": 1, "percent_covered": 0.0, "percent_covered_display": "0", "missing_lines": 1, "excluded_lines": 0, "percent_statements_covered": 0.0, "percent_statements_covered_display": "0"}, "missing_lines": [2390], "excluded_lines": [], "start_line": 2389}, "SerialTerminal._palette_set_var": {"executed_lines": [2394, 2396, 2409], "summary": {"covered_lines": 3, "num_statements": 3, "percent_covered": 100.0, "percent_covered_display": "100", "missing_lines": 0, "excluded_lines": 0, "percent_statements_covered": 100.0, "percent_statements_covered_display": "100"}, "missing_lines": [], "excluded_lines": [], "start_line": 2392}, "SerialTerminal._palette_set_var._on_submit": {"executed_lines": [2397, 2398, 2399, 2405, 2406, 2407], "summary": {"covered_lines": 6, "num_statements": 6, "percent_covered": 100.0, "percent_covered_display": "100", "missing_lines": 0, "excluded_lines": 0, "percent_statements_covered": 100.0, "percent_statements_covered_display": "100"}, "missing_lines": [], "excluded_lines": [], "start_line": 2396}, "SerialTerminal._palette_toggle_line_numbers": {"executed_lines": [], "summary": {"covered_lines": 0, "num_statements": 1, "percent_covered": 0.0, "percent_covered_display": "0", "missing_lines": 1, "excluded_lines": 0, "percent_statements_covered": 0.0, "percent_statements_covered_display": "0"}, "missing_lines": [2415], "excluded_lines": [], "start_line": 2414}, "SerialTerminal._palette_toggle_echo": {"executed_lines": [], "summary": {"covered_lines": 0, "num_statements": 1, "percent_covered": 0.0, "percent_covered_display": "0", "missing_lines": 1, "excluded_lines": 0, "percent_statements_covered": 0.0, "percent_statements_covered_display": "0"}, "missing_lines": [2418], "excluded_lines": [], "start_line": 2417}, "SerialTerminal._palette_toggle_timestamps": {"executed_lines": [], "summary": {"covered_lines": 0, "num_statements": 1, "percent_covered": 0.0, "percent_covered_display": "0", "missing_lines": 1, "excluded_lines": 0, "percent_statements_covered": 0.0, "percent_statements_covered_display": "0"}, "missing_lines": [2421], "excluded_lines": [], "start_line": 2420}, "SerialTerminal._palette_toggle_hex": {"executed_lines": [], "summary": {"covered_lines": 0, "num_statements": 1, "percent_covered": 0.0, "percent_covered_display": "0", "missing_lines": 1, "excluded_lines": 0, "percent_statements_covered": 0.0, "percent_statements_covered_display": "0"}, "missing_lines": [2424], "excluded_lines": [], "start_line": 2423}, "SerialTerminal._palette_toggle_line_endings": {"executed_lines": [], "summary": {"covered_lines": 0, "num_statements": 1, "percent_covered": 0.0, "percent_covered_display": "0", "missing_lines": 1, "excluded_lines": 0, "percent_statements_covered": 0.0, "percent_statements_covered_display": "0"}, "missing_lines": [2427], "excluded_lines": [], "start_line": 2426}, "SerialTerminal._palette_term_info": {"executed_lines": [], "summary": {"covered_lines": 0, "num_statements": 1, "percent_covered": 0.0, "percent_covered_display": "0", "missing_lines": 1, "excluded_lines": 0, "percent_statements_covered": 0.0, "percent_statements_covered_display": "0"}, "missing_lines": [2430], "excluded_lines": [], "start_line": 2429}, "SerialTerminal._palette_ss_svg": {"executed_lines": [], "summary": {"covered_lines": 0, "num_statements": 1, "percent_covered": 0.0, "percent_covered_display": "0", "missing_lines": 1, "excluded_lines": 0, "percent_statements_covered": 0.0, "percent_statements_covered_display": "0"}, "missing_lines": [2437], "excluded_lines": [], "start_line": 2432}, "SerialTerminal._palette_ss_txt": {"executed_lines": [], "summary": {"covered_lines": 0, "num_statements": 1, "percent_covered": 0.0, "percent_covered_display": "0", "missing_lines": 1, "excluded_lines": 0, "percent_statements_covered": 0.0, "percent_statements_covered_display": "0"}, "missing_lines": [2443], "excluded_lines": [], "start_line": 2439}, "SerialTerminal._palette_help": {"executed_lines": [], "summary": {"covered_lines": 0, "num_statements": 1, "percent_covered": 0.0, "percent_covered_display": "0", "missing_lines": 1, "excluded_lines": 0, "percent_statements_covered": 0.0, "percent_statements_covered_display": "0"}, "missing_lines": [2460], "excluded_lines": [], "start_line": 2459}, "SerialTerminal._palette_find": {"executed_lines": [], "summary": {"covered_lines": 0, "num_statements": 1, "percent_covered": 0.0, "percent_covered_display": "0", "missing_lines": 1, "excluded_lines": 0, "percent_statements_covered": 0.0, "percent_statements_covered_display": "0"}, "missing_lines": [2464], "excluded_lines": [], "start_line": 2462}, "SerialTerminal._palette_grep": {"executed_lines": [], "summary": {"covered_lines": 0, "num_statements": 1, "percent_covered": 0.0, "percent_covered_display": "0", "missing_lines": 1, "excluded_lines": 0, "percent_statements_covered": 0.0, "percent_statements_covered_display": "0"}, "missing_lines": [2468], "excluded_lines": [], "start_line": 2466}, "SerialTerminal._palette_search_help": {"executed_lines": [], "summary": {"covered_lines": 0, "num_statements": 1, "percent_covered": 0.0, "percent_covered_display": "0", "missing_lines": 1, "excluded_lines": 0, "percent_statements_covered": 0.0, "percent_statements_covered_display": "0"}, "missing_lines": [2472], "excluded_lines": [], "start_line": 2470}, "SerialTerminal._prompt_then_dispatch": {"executed_lines": [2485, 2487, 2491], "summary": {"covered_lines": 3, "num_statements": 3, "percent_covered": 100.0, "percent_covered_display": "100", "missing_lines": 0, "excluded_lines": 0, "percent_statements_covered": 100.0, "percent_statements_covered_display": "100"}, "missing_lines": [], "excluded_lines": [], "start_line": 2474}, "SerialTerminal._prompt_then_dispatch._on_submit": {"executed_lines": [2488, 2489], "summary": {"covered_lines": 2, "num_statements": 2, "percent_covered": 100.0, "percent_covered_display": "100", "missing_lines": 0, "excluded_lines": 0, "percent_statements_covered": 100.0, "percent_statements_covered_display": "100"}, "missing_lines": [], "excluded_lines": [], "start_line": 2487}, "SerialTerminal._palette_show_newest_ss": {"executed_lines": [], "summary": {"covered_lines": 0, "num_statements": 4, "percent_covered": 0.0, "percent_covered_display": "0", "missing_lines": 4, "excluded_lines": 0, "percent_statements_covered": 0.0, "percent_statements_covered_display": "0"}, "missing_lines": [2497, 2498, 2499, 2501], "excluded_lines": [], "start_line": 2496}, "SerialTerminal._palette_show_newest_cap": {"executed_lines": [], "summary": {"covered_lines": 0, "num_statements": 4, "percent_covered": 0.0, "percent_covered_display": "0", "missing_lines": 4, "excluded_lines": 0, "percent_statements_covered": 0.0, "percent_statements_covered_display": "0"}, "missing_lines": [2504, 2505, 2506, 2508], "excluded_lines": [], "start_line": 2503}, "SerialTerminal._newest_file": {"executed_lines": [], "summary": {"covered_lines": 0, "num_statements": 6, "percent_covered": 0.0, "percent_covered_display": "0", "missing_lines": 6, "excluded_lines": 0, "percent_statements_covered": 0.0, "percent_statements_covered_display": "0"}, "missing_lines": [2513, 2514, 2515, 2518, 2519, 2520], "excluded_lines": [], "start_line": 2511}, "SerialTerminal._palette_exit": {"executed_lines": [], "summary": {"covered_lines": 0, "num_statements": 2, "percent_covered": 0.0, "percent_covered_display": "0", "missing_lines": 2, "excluded_lines": 0, "percent_statements_covered": 0.0, "percent_statements_covered_display": "0"}, "missing_lines": [2523, 2524], "excluded_lines": [], "start_line": 2522}, "SerialTerminal._run_reader": {"executed_lines": [], "summary": {"covered_lines": 0, "num_statements": 6, "percent_covered": 0.0, "percent_covered_display": "0", "missing_lines": 6, "excluded_lines": 0, "percent_statements_covered": 0.0, "percent_statements_covered_display": "0"}, "missing_lines": [2530, 2533, 2544, 2545, 2552, 2553], "excluded_lines": [], "start_line": 2527}, "SerialTerminal._run_reader.on_error": {"executed_lines": [], "summary": {"covered_lines": 0, "num_statements": 1, "percent_covered": 0.0, "percent_covered_display": "0", "missing_lines": 1, "excluded_lines": 0, "percent_statements_covered": 0.0, "percent_statements_covered_display": "0"}, "missing_lines": [2531], "excluded_lines": [], "start_line": 2530}, "SerialTerminal._run_reader.on_disconnect": {"executed_lines": [], "summary": {"covered_lines": 0, "num_statements": 4, "percent_covered": 0.0, "percent_covered_display": "0", "missing_lines": 4, "excluded_lines": 0, "percent_statements_covered": 0.0, "percent_statements_covered_display": "0"}, "missing_lines": [2534, 2540, 2541, 2542], "excluded_lines": [], "start_line": 2533}, "SerialTerminal._clear_output": {"executed_lines": [2556, 2558, 2559, 2562], "summary": {"covered_lines": 4, "num_statements": 7, "percent_covered": 57.142857142857146, "percent_covered_display": "57", "missing_lines": 3, "excluded_lines": 0, "percent_statements_covered": 57.142857142857146, "percent_statements_covered_display": "57"}, "missing_lines": [2557, 2560, 2561], "excluded_lines": [], "start_line": 2555}, "SerialTerminal._get_screen_text": {"executed_lines": [], "summary": {"covered_lines": 0, "num_statements": 7, "percent_covered": 0.0, "percent_covered_display": "0", "missing_lines": 7, "excluded_lines": 0, "percent_statements_covered": 0.0, "percent_statements_covered_display": "0"}, "missing_lines": [2565, 2566, 2567, 2568, 2569, 2570, 2571], "excluded_lines": [], "start_line": 2564}, "SerialTerminal._cap_start": {"executed_lines": [], "summary": {"covered_lines": 0, "num_statements": 2, "percent_covered": 0.0, "percent_covered_display": "0", "missing_lines": 2, "excluded_lines": 0, "percent_statements_covered": 0.0, "percent_statements_covered_display": "0"}, "missing_lines": [2588, 2589], "excluded_lines": [], "start_line": 2575}, "SerialTerminal._cap_stop": {"executed_lines": [], "summary": {"covered_lines": 0, "num_statements": 2, "percent_covered": 0.0, "percent_covered_display": "0", "missing_lines": 2, "excluded_lines": 0, "percent_statements_covered": 0.0, "percent_statements_covered_display": "0"}, "missing_lines": [2600, 2601], "excluded_lines": [], "start_line": 2591}, "SerialTerminal._on_capture_complete": {"executed_lines": [], "summary": {"covered_lines": 0, "num_statements": 2, "percent_covered": 0.0, "percent_covered_display": "0", "missing_lines": 2, "excluded_lines": 0, "percent_statements_covered": 0.0, "percent_statements_covered_display": "0"}, "missing_lines": [2610, 2611], "excluded_lines": [], "start_line": 2602}, "SerialTerminal._write_batch": {"executed_lines": [], "summary": {"covered_lines": 0, "num_statements": 40, "percent_covered": 0.0, "percent_covered_display": "0", "missing_lines": 40, "excluded_lines": 0, "percent_statements_covered": 0.0, "percent_statements_covered_display": "0"}, "missing_lines": [2628, 2629, 2639, 2640, 2641, 2642, 2643, 2644, 2646, 2648, 2649, 2650, 2651, 2652, 2653, 2654, 2655, 2656, 2657, 2658, 2659, 2660, 2661, 2662, 2663, 2664, 2665, 2666, 2669, 2671, 2674, 2675, 2677, 2678, 2679, 2682, 2685, 2686, 2687, 2690], "excluded_lines": [], "start_line": 2613}, "SerialTerminal._on_cmd_changed": {"executed_lines": [], "summary": {"covered_lines": 0, "num_statements": 9, "percent_covered": 0.0, "percent_covered_display": "0", "missing_lines": 9, "excluded_lines": 0, "percent_statements_covered": 0.0, "percent_statements_covered_display": "0"}, "missing_lines": [2695, 2696, 2697, 2698, 2699, 2700, 2701, 2703, 2704], "excluded_lines": [], "start_line": 2693}, "SerialTerminal.on_input_submitted": {"executed_lines": [], "summary": {"covered_lines": 0, "num_statements": 19, "percent_covered": 0.0, "percent_covered_display": "0", "missing_lines": 19, "excluded_lines": 0, "percent_statements_covered": 0.0, "percent_statements_covered_display": "0"}, "missing_lines": [2708, 2709, 2710, 2711, 2712, 2713, 2714, 2717, 2718, 2719, 2720, 2721, 2722, 2724, 2725, 2726, 2727, 2728, 2729], "excluded_lines": [], "start_line": 2706}, "SerialTerminal._restore_input_placeholder": {"executed_lines": [], "summary": {"covered_lines": 0, "num_statements": 2, "percent_covered": 0.0, "percent_covered_display": "0", "missing_lines": 2, "excluded_lines": 0, "percent_statements_covered": 0.0, "percent_statements_covered_display": "0"}, "missing_lines": [2733, 2734], "excluded_lines": [], "start_line": 2731}, "SerialTerminal._set_input_busy": {"executed_lines": [], "summary": {"covered_lines": 0, "num_statements": 9, "percent_covered": 0.0, "percent_covered_display": "0", "missing_lines": 9, "excluded_lines": 0, "percent_statements_covered": 0.0, "percent_statements_covered_display": "0"}, "missing_lines": [2745, 2746, 2747, 2748, 2749, 2750, 2751, 2752, 2753], "excluded_lines": [], "start_line": 2736}, "SerialTerminal._dispatch_on_thread": {"executed_lines": [], "summary": {"covered_lines": 0, "num_statements": 4, "percent_covered": 0.0, "percent_covered_display": "0", "missing_lines": 4, "excluded_lines": 0, "percent_statements_covered": 0.0, "percent_statements_covered_display": "0"}, "missing_lines": [2762, 2763, 2764, 2765], "excluded_lines": [], "start_line": 2760}, "SerialTerminal._dispatch_on_thread_interactive": {"executed_lines": [], "summary": {"covered_lines": 0, "num_statements": 12, "percent_covered": 0.0, "percent_covered_display": "0", "missing_lines": 12, "excluded_lines": 0, "percent_statements_covered": 0.0, "percent_statements_covered_display": "0"}, "missing_lines": [2770, 2771, 2772, 2773, 2774, 2775, 2776, 2777, 2778, 2779, 2780, 2781], "excluded_lines": [], "start_line": 2768}, "SerialTerminal._dispatch_sequence_on_thread": {"executed_lines": [], "summary": {"covered_lines": 0, "num_statements": 6, "percent_covered": 0.0, "percent_covered_display": "0", "missing_lines": 6, "excluded_lines": 0, "percent_statements_covered": 0.0, "percent_statements_covered_display": "0"}, "missing_lines": [2786, 2787, 2788, 2789, 2790, 2791], "excluded_lines": [], "start_line": 2784}, "SerialTerminal._send_serial_raw": {"executed_lines": [], "summary": {"covered_lines": 0, "num_statements": 12, "percent_covered": 0.0, "percent_covered_display": "0", "missing_lines": 12, "excluded_lines": 0, "percent_statements_covered": 0.0, "percent_statements_covered_display": "0"}, "missing_lines": [2802, 2803, 2804, 2805, 2806, 2807, 2808, 2809, 2810, 2811, 2812, 2813], "excluded_lines": [], "start_line": 2793}, "SerialTerminal._tui_hook_raw": {"executed_lines": [], "summary": {"covered_lines": 0, "num_statements": 2, "percent_covered": 0.0, "percent_covered_display": "0", "missing_lines": 2, "excluded_lines": 0, "percent_statements_covered": 0.0, "percent_statements_covered_display": "0"}, "missing_lines": [2822, 2824], "excluded_lines": [], "start_line": 2820}, "SerialTerminal._dispatch_single": {"executed_lines": [], "summary": {"covered_lines": 0, "num_statements": 6, "percent_covered": 0.0, "percent_covered_display": "0", "missing_lines": 6, "excluded_lines": 0, "percent_statements_covered": 0.0, "percent_statements_covered_display": "0"}, "missing_lines": [2837, 2838, 2839, 2840, 2841, 2852], "excluded_lines": [], "start_line": 2828}, "SerialTerminal._dispatch_quiet": {"executed_lines": [], "summary": {"covered_lines": 0, "num_statements": 6, "percent_covered": 0.0, "percent_covered_display": "0", "missing_lines": 6, "excluded_lines": 0, "percent_statements_covered": 0.0, "percent_statements_covered_display": "0"}, "missing_lines": [2865, 2866, 2867, 2868, 2869, 2880], "excluded_lines": [], "start_line": 2854}, "SerialTerminal._show_commands": {"executed_lines": [], "summary": {"covered_lines": 0, "num_statements": 2, "percent_covered": 0.0, "percent_covered_display": "0", "missing_lines": 2, "excluded_lines": 0, "percent_statements_covered": 0.0, "percent_statements_covered_display": "0"}, "missing_lines": [2897, 2898], "excluded_lines": [], "start_line": 2895}, "SerialTerminal._hide_history": {"executed_lines": [], "summary": {"covered_lines": 0, "num_statements": 3, "percent_covered": 0.0, "percent_covered_display": "0", "missing_lines": 3, "excluded_lines": 0, "percent_statements_covered": 0.0, "percent_statements_covered_display": "0"}, "missing_lines": [2901, 2902, 2903], "excluded_lines": [], "start_line": 2900}, "SerialTerminal.on_option_list_option_selected": {"executed_lines": [], "summary": {"covered_lines": 0, "num_statements": 14, "percent_covered": 0.0, "percent_covered_display": "0", "missing_lines": 14, "excluded_lines": 0, "percent_statements_covered": 0.0, "percent_statements_covered_display": "0"}, "missing_lines": [2913, 2914, 2915, 2916, 2917, 2918, 2919, 2920, 2921, 2922, 2923, 2924, 2925, 2926], "excluded_lines": [], "start_line": 2905}, "SerialTerminal.on_key": {"executed_lines": [], "summary": {"covered_lines": 0, "num_statements": 42, "percent_covered": 0.0, "percent_covered_display": "0", "missing_lines": 42, "excluded_lines": 0, "percent_statements_covered": 0.0, "percent_statements_covered_display": "0"}, "missing_lines": [2930, 2931, 2933, 2934, 2936, 2937, 2938, 2940, 2941, 2942, 2943, 2944, 2945, 2946, 2947, 2948, 2949, 2950, 2951, 2953, 2954, 2955, 2956, 2957, 2958, 2959, 2960, 2961, 2962, 2964, 2965, 2966, 2967, 2968, 2969, 2970, 2971, 2972, 2973, 2974, 2975, 2976], "excluded_lines": [], "start_line": 2928}, "SerialTerminal.action_stop_script": {"executed_lines": [], "summary": {"covered_lines": 0, "num_statements": 1, "percent_covered": 0.0, "percent_covered_display": "0", "missing_lines": 1, "excluded_lines": 0, "percent_statements_covered": 0.0, "percent_statements_covered_display": "0"}, "missing_lines": [2980], "excluded_lines": [], "start_line": 2978}, "SerialTerminal.action_btn_help": {"executed_lines": [], "summary": {"covered_lines": 0, "num_statements": 1, "percent_covered": 0.0, "percent_covered_display": "0", "missing_lines": 1, "excluded_lines": 0, "percent_statements_covered": 0.0, "percent_statements_covered_display": "0"}, "missing_lines": [2983], "excluded_lines": [], "start_line": 2982}, "SerialTerminal.action_btn_cfg": {"executed_lines": [], "summary": {"covered_lines": 0, "num_statements": 2, "percent_covered": 0.0, "percent_covered_display": "0", "missing_lines": 2, "excluded_lines": 0, "percent_statements_covered": 0.0, "percent_statements_covered_display": "0"}, "missing_lines": [2986, 2987], "excluded_lines": [], "start_line": 2985}, "SerialTerminal.action_btn_run": {"executed_lines": [], "summary": {"covered_lines": 0, "num_statements": 2, "percent_covered": 0.0, "percent_covered_display": "0", "missing_lines": 2, "excluded_lines": 0, "percent_statements_covered": 0.0, "percent_statements_covered_display": "0"}, "missing_lines": [2990, 2991], "excluded_lines": [], "start_line": 2989}, "SerialTerminal.action_btn_proto": {"executed_lines": [], "summary": {"covered_lines": 0, "num_statements": 2, "percent_covered": 0.0, "percent_covered_display": "0", "missing_lines": 2, "excluded_lines": 0, "percent_statements_covered": 0.0, "percent_statements_covered_display": "0"}, "missing_lines": [2994, 2995], "excluded_lines": [], "start_line": 2993}, "SerialTerminal.action_btn_open_config": {"executed_lines": [], "summary": {"covered_lines": 0, "num_statements": 1, "percent_covered": 0.0, "percent_covered_display": "0", "missing_lines": 1, "excluded_lines": 0, "percent_statements_covered": 0.0, "percent_statements_covered_display": "0"}, "missing_lines": [2998], "excluded_lines": [], "start_line": 2997}, "SerialTerminal.action_help_quit": {"executed_lines": [], "summary": {"covered_lines": 0, "num_statements": 1, "percent_covered": 0.0, "percent_covered_display": "0", "missing_lines": 1, "excluded_lines": 0, "percent_statements_covered": 0.0, "percent_statements_covered_display": "0"}, "missing_lines": [3005], "excluded_lines": [], "start_line": 3000}, "SerialTerminal.action_clear_log": {"executed_lines": [], "summary": {"covered_lines": 0, "num_statements": 4, "percent_covered": 0.0, "percent_covered_display": "0", "missing_lines": 4, "excluded_lines": 0, "percent_statements_covered": 0.0, "percent_statements_covered_display": "0"}, "missing_lines": [3008, 3009, 3010, 3011], "excluded_lines": [], "start_line": 3007}, "SerialTerminal.action_screenshot": {"executed_lines": [], "summary": {"covered_lines": 0, "num_statements": 6, "percent_covered": 0.0, "percent_covered_display": "0", "missing_lines": 6, "excluded_lines": 0, "percent_statements_covered": 0.0, "percent_statements_covered_display": "0"}, "missing_lines": [3016, 3017, 3018, 3019, 3020, 3021], "excluded_lines": [], "start_line": 3013}, "SerialTerminal.action_text_screenshot": {"executed_lines": [], "summary": {"covered_lines": 0, "num_statements": 7, "percent_covered": 0.0, "percent_covered_display": "0", "missing_lines": 7, "excluded_lines": 0, "percent_statements_covered": 0.0, "percent_statements_covered_display": "0"}, "missing_lines": [3024, 3025, 3026, 3027, 3028, 3029, 3030], "excluded_lines": [], "start_line": 3023}, "SerialTerminal.action_open_screenshot": {"executed_lines": [], "summary": {"covered_lines": 0, "num_statemen
[...]
{"covered_lines": 4, "num_statements": 4, "percent_covered": 100.0, "percent_covered_display": "100", "missing_lines": 0, "excluded_lines": 0, "percent_statements_covered": 100.0, "percent_statements_covered_display": "100"}, "missing_lines": [], "excluded_lines": [], "functions": {"": {"executed_lines": [18, 21, 22, 24], "summary": {"covered_lines": 4, "num_statements": 4, "percent_covered": 100.0, "percent_covered_display": "100", "missing_lines": 0, "excluded_lines": 0, "percent_statements_covered": 100.0, "percent_statements_covered_display": "100"}, "missing_lines": [], "excluded_lines": [], "start_line": 1}}, "classes": {"": {"executed_lines": [18, 21, 22, 24], "summary": {"covered_lines": 4, "num_statements": 4, "percent_covered": 100.0, "percent_covered_display": "100", "missing_lines": 0, "excluded_lines": 0, "percent_statements_covered": 100.0, "percent_statements_covered_display": "100"}, "missing_lines": [], "excluded_lines": [], "start_line": 1}}}, "src\\termapy\\usb\\aliases.py": {"executed_lines": [33, 35, 38, 39, 53, 54, 59, 92, 101, 102, 103, 104, 105, 106, 107], "summary": {"covered_lines": 15, "num_statements": 15, "percent_covered": 100.0, "percent_covered_display": "100", "missing_lines": 0, "excluded_lines": 0, "percent_statements_covered": 100.0, "percent_statements_covered_display": "100"}, "missing_lines": [], "excluded_lines": [], "functions": {"mfg": {"executed_lines": [101, 102, 103, 104, 105, 106, 107], "summary": {"covered_lines": 7, "num_statements": 7, "percent_covered": 100.0, "percent_covered_display": "100", "missing_lines": 0, "excluded_lines": 0, "percent_statements_covered": 100.0, "percent_statements_covered_display": "100"}, "missing_lines": [], "excluded_lines": [], "start_line": 92}, "": {"executed_lines": [33, 35, 38, 39, 53, 54, 59, 92], "summary": {"covered_lines": 8, "num_statements": 8, "percent_covered": 100.0, "percent_covered_display": "100", "missing_lines": 0, "excluded_lines": 0, "percent_statements_covered": 100.0, "percent_statements_covered_display": "100"}, "missing_lines": [], "excluded_lines": [], "start_line": 1}}, "classes": {"VendorAlias": {"executed_lines": [], "summary": {"covered_lines": 0, "num_statements": 0, "percent_covered": 100.0, "percent_covered_display": "100", "missing_lines": 0, "excluded_lines": 0, "percent_statements_covered": 100.0, "percent_statements_covered_display": "100"}, "missing_lines": [], "excluded_lines": [], "start_line": 39}, "": {"executed_lines": [33, 35, 38, 39, 53, 54, 59, 92, 101, 102, 103, 104, 105, 106, 107], "summary": {"covered_lines": 15, "num_statements": 15, "percent_covered": 100.0, "percent_covered_display": "100", "missing_lines": 0, "excluded_lines": 0, "percent_statements_covered": 100.0, "percent_statements_covered_display": "100"}, "missing_lines": [], "excluded_lines": [], "start_line": 1}}}, "src\\termapy\\usb\\chips.py": {"executed_lines": [19, 21, 24, 25, 43, 44, 45, 49, 146, 152], "summary": {"covered_lines": 10, "num_statements": 10, "percent_covered": 100.0, "percent_covered_display": "100", "missing_lines": 0, "excluded_lines": 0, "percent_statements_covered": 100.0, "percent_statements_covered_display": "100"}, "missing_lines": [], "excluded_lines": [], "functions": {"chip": {"executed_lines": [152], "summary": {"covered_lines": 1, "num_statements": 1, "percent_covered": 100.0, "percent_covered_display": "100", "missing_lines": 0, "excluded_lines": 0, "percent_statements_covered": 100.0, "percent_statements_covered_display": "100"}, "missing_lines": [], "excluded_lines": [], "start_line": 146}, "": {"executed_lines": [19, 21, 24, 25, 43, 44, 45, 49, 146], "summary": {"covered_lines": 9, "num_statements": 9, "percent_covered": 100.0, "percent_covered_display": "100", "missing_lines": 0, "excluded_lines": 0, "percent_statements_covered": 100.0, "percent_statements_covered_display": "100"}, "missing_lines": [], "excluded_lines": [], "start_line": 1}}, "classes": {"ChipInfo": {"executed_lines": [], "summary": {"covered_lines": 0, "num_statements": 0, "percent_covered": 100.0, "percent_covered_display": "100", "missing_lines": 0, "excluded_lines": 0, "percent_statements_covered": 100.0, "percent_statements_covered_display": "100"}, "missing_lines": [], "excluded_lines": [], "start_line": 25}, "": {"executed_lines": [19, 21, 24, 25, 43, 44, 45, 49, 146, 152], "summary": {"covered_lines": 10, "num_statements": 10, "percent_covered": 100.0, "percent_covered_display": "100", "missing_lines": 0, "excluded_lines": 0, "percent_statements_covered": 100.0, "percent_statements_covered_display": "100"}, "missing_lines": [], "excluded_lines": [], "start_line": 1}}}, "src\\termapy\\usb\\vendors.py": {"executed_lines": [34, 39, 79, 103, 104, 105, 106, 107, 111, 112], "summary": {"covered_lines": 10, "num_statements": 10, "percent_covered": 100.0, "percent_covered_display": "100", "missing_lines": 0, "excluded_lines": 0, "percent_statements_covered": 100.0, "percent_statements_covered_display": "100"}, "missing_lines": [], "excluded_lines": [], "functions": {"vendor_for": {"executed_lines": [103, 104, 105, 106, 107, 111, 112], "summary": {"covered_lines": 7, "num_statements": 7, "percent_covered": 100.0, "percent_covered_display": "100", "missing_lines": 0, "excluded_lines": 0, "percent_statements_covered": 100.0, "percent_statements_covered_display": "100"}, "missing_lines": [], "excluded_lines": [], "start_line": 79}, "": {"executed_lines": [34, 39, 79], "summary": {"covered_lines": 3, "num_statements": 3, "percent_covered": 100.0, "percent_covered_display": "100", "missing_lines": 0, "excluded_lines": 0, "percent_statements_covered": 100.0, "percent_statements_covered_display": "100"}, "missing_lines": [], "excluded_lines": [], "start_line": 1}}, "classes": {"": {"executed_lines": [34, 39, 79, 103, 104, 105, 106, 107, 111, 112], "summary": {"covered_lines": 10, "num_statements": 10, "percent_covered": 100.0, "percent_covered_display": "100", "missing_lines": 0, "excluded_lines": 0, "percent_statements_covered": 100.0, "percent_statements_covered_display": "100"}, "missing_lines": [], "excluded_lines": [], "start_line": 1}}}, "src\\termapy\\vt100.py": {"executed_lines": [19, 21, 22, 23, 26, 38, 45, 61, 62, 63, 64, 65, 73, 91, 93, 94, 95, 97, 100, 116, 117, 124, 125, 127, 128, 129, 130, 158, 175, 177, 178, 180, 181, 182, 184, 185, 196, 197, 198, 199, 203, 204, 209, 212, 217, 221, 224, 228, 229, 232, 233, 234, 237, 238, 242, 243, 244, 248, 251, 252], "summary": {"covered_lines": 60, "num_statements": 84, "percent_covered": 71.42857142857143, "percent_covered_display": "71", "missing_lines": 24, "excluded_lines": 0, "percent_statements_covered": 71.42857142857143, "percent_statements_covered_display": "71"}, "missing_lines": [132, 133, 134, 135, 139, 141, 142, 143, 148, 149, 151, 152, 153, 154, 155, 186, 187, 188, 230, 235, 236, 245, 247, 250], "excluded_lines": [], "functions": {"_miniterm_settings": {"executed_lines": [38], "summary": {"covered_lines": 1, "num_statements": 1, "percent_covered": 100.0, "percent_covered_display": "100", "missing_lines": 0, "excluded_lines": 0, "percent_statements_covered": 100.0, "percent_statements_covered_display": "100"}, "missing_lines": [], "excluded_lines": [], "start_line": 26}, "_vscode_key_hint": {"executed_lines": [61, 62, 63, 64, 65], "summary": {"covered_lines": 5, "num_statements": 5, "percent_covered": 100.0, "percent_covered_display": "100", "missing_lines": 0, "excluded_lines": 0, "percent_statements_covered": 100.0, "percent_statements_covered_display": "100"}, "missing_lines": [], "excluded_lines": [], "start_line": 45}, "_passthrough_transforms": {"executed_lines": [91, 93, 94, 97], "summary": {"covered_lines": 4, "num_statements": 4, "percent_covered": 100.0, "percent_covered_display": "100", "missing_lines": 0, "excluded_lines": 0, "percent_statements_covered": 100.0, "percent_statements_covered_display": "100"}, "missing_lines": [], "excluded_lines": [], "start_line": 73}, "_passthrough_transforms._EnterEOL.tx": {"executed_lines": [95], "summary": {"covered_lines": 1, "num_statements": 1, "percent_covered": 100.0, "percent_covered_display": "100", "missing_lines": 0, "excluded_lines": 0, "percent_statements_covered": 100.0, "percent_statements_covered_display": "100"}, "missing_lines": [], "excluded_lines": [], "start_line": 94}, "_resolve_cfg": {"executed_lines": [116, 117, 124, 125, 127, 128, 129, 130], "summary": {"covered_lines": 8, "num_statements": 23, "percent_covered": 34.78260869565217, "percent_covered_display": "35", "missing_lines": 15, "excluded_lines": 0, "percent_statements_covered": 34.78260869565217, "percent_statements_covered_display": "35"}, "missing_lines": [132, 133, 134, 135, 139, 141, 142, 143, 148, 149, 151, 152, 153, 154, 155], "excluded_lines": [], "start_line": 100}, "run_vt100_mode": {"executed_lines": [175, 177, 178, 180, 181, 182, 184, 185, 196, 197, 198, 199, 203, 204, 209, 212, 217, 221, 224, 228, 229, 232, 233, 234, 237, 238, 242, 243, 244, 248, 251, 252], "summary": {"covered_lines": 32, "num_statements": 41, "percent_covered": 78.04878048780488, "percent_covered_display": "78", "missing_lines": 9, "excluded_lines": 0, "percent_statements_covered": 78.04878048780488, "percent_statements_covered_display": "78"}, "missing_lines": [186, 187, 188, 230, 235, 236, 245, 247, 250], "excluded_lines": [], "start_line": 158}, "": {"executed_lines": [19, 21, 22, 23, 26, 45, 73, 100, 158], "summary": {"covered_lines": 9, "num_statements": 9, "percent_covered": 100.0, "percent_covered_display": "100", "missing_lines": 0, "excluded_lines": 0, "percent_statements_covered": 100.0, "percent_statements_covered_display": "100"}, "missing_lines": [], "excluded_lines": [], "start_line": 1}}, "classes": {"_passthrough_transforms._EnterEOL": {"executed_lines": [95], "summary": {"covered_lines": 1, "num_statements": 1, "percent_covered": 100.0, "percent_covered_display": "100", "missing_lines": 0, "excluded_lines": 0, "percent_statements_covered": 100.0, "percent_statements_covered_display": "100"}, "missing_lines": [], "excluded_lines": [], "start_line": 93}, "": {"executed_lines": [19, 21, 22, 23, 26, 38, 45, 61, 62, 63, 64, 65, 73, 91, 93, 94, 97, 100, 116, 117, 124, 125, 127, 128, 129, 130, 158, 175, 177, 178, 180, 181, 182, 184, 185, 196, 197, 198, 199, 203, 204, 209, 212, 217, 221, 224, 228, 229, 232, 233, 234, 237, 238, 242, 243, 244, 248, 251, 252], "summary": {"covered_lines": 59, "num_statements": 83, "percent_covered": 71.08433734939759, "percent_covered_display": "71", "missing_lines": 24, "excluded_lines": 0, "percent_statements_covered": 71.08433734939759, "percent_statements_covered_display": "71"}, "missing_lines": [132, 133, 134, 135, 139, 141, 142, 143, 148, 149, 151, 152, 153, 154, 155, 186, 187, 188, 230, 235, 236, 245, 247, 250], "excluded_lines": [], "start_line": 1}}}, "src\\termapy\\widgets\\__init__.py": {"executed_lines": [12, 13, 14, 16], "summary": {"covered_lines": 4, "num_statements": 4, "percent_covered": 100.0, "percent_covered_display": "100", "missing_lines": 0, "excluded_lines": 0, "percent_statements_covered": 100.0, "percent_statements_covered_display": "100"}, "missing_lines": [], "excluded_lines": [], "functions": {"": {"executed_lines": [12, 13, 14, 16], "summary": {"covered_lines": 4, "num_statements": 4, "percent_covered": 100.0, "percent_covered_display": "100", "missing_lines": 0, "excluded_lines": 0, "percent_statements_covered": 100.0, "percent_statements_covered_display": "100"}, "missing_lines": [], "excluded_lines": [], "start_line": 1}}, "classes": {"": {"executed_lines": [12, 13, 14, 16], "summary": {"covered_lines": 4, "num_statements": 4, "percent_covered": 100.0, "percent_covered_display": "100", "missing_lines": 0, "excluded_lines": 0, "percent_statements_covered": 100.0, "percent_statements_covered_display": "100"}, "missing_lines": [], "excluded_lines": [], "start_line": 1}}}, "src\\termapy\\widgets\\checkbox.py": {"executed_lines": [3, 5, 8, 31, 46, 48, 49, 54, 56, 60, 61, 62], "summary": {"covered_lines": 12, "num_statements": 12, "percent_covered": 100.0, "percent_covered_display": "100", "missing_lines": 0, "excluded_lines": 0, "percent_statements_covered": 100.0, "percent_statements_covered_display": "100"}, "missing_lines": [], "excluded_lines": [], "functions": {"StrongCheckbox.__init__": {"executed_lines": [49, 54], "summary": {"covered_lines": 2, "num_statements": 2, "percent_covered": 100.0, "percent_covered_display": "100", "missing_lines": 0, "excluded_lines": 0, "percent_statements_covered": 100.0, "percent_statements_covered_display": "100"}, "missing_lines": [], "excluded_lines": [], "start_line": 48}, "StrongCheckbox.watch_value": {"executed_lines": [60, 61, 62], "summary": {"covered_lines": 3, "num_statements": 3, "percent_covered": 100.0, "percent_covered_display": "100", "missing_lines": 0, "excluded_lines": 0, "percent_statements_covered": 100.0, "percent_statements_covered_display": "100"}, "missing_lines": [], "excluded_lines": [], "start_line": 56}, "": {"executed_lines": [3, 5, 8, 31, 46, 48, 56], "summary": {"covered_lines": 7, "num_statements": 7, "percent_covered": 100.0, "percent_covered_display": "100", "missing_lines": 0, "excluded_lines": 0, "percent_statements_covered": 100.0, "percent_statements_covered_display": "100"}, "missing_lines": [], "excluded_lines": [], "start_line": 1}}, "classes": {"StrongCheckbox": {"executed_lines": [49, 54, 60, 61, 62], "summary": {"covered_lines": 5, "num_statements": 5, "percent_covered": 100.0, "percent_covered_display": "100", "missing_lines": 0, "excluded_lines": 0, "percent_statements_covered": 100.0, "percent_statements_covered_display": "100"}, "missing_lines": [], "excluded_lines": [], "start_line": 8}, "": {"executed_lines": [3, 5, 8, 31, 46, 48, 56], "summary": {"covered_lines": 7, "num_statements": 7, "percent_covered": 100.0, "percent_covered_display": "100", "missing_lines": 0, "excluded_lines": 0, "percent_statements_covered": 100.0, "percent_statements_covered_display": "100"}, "missing_lines": [], "excluded_lines": [], "start_line": 1}}}, "src\\termapy\\widgets\\status_bar.py": {"executed_lines": [11, 13, 14, 17, 31, 46, 47, 48, 50, 52, 53, 54, 55, 56, 57, 58, 59, 61, 63, 64, 65, 67, 69, 71, 72, 73], "summary": {"covered_lines": 26, "num_statements": 26, "percent_covered": 100.0, "percent_covered_display": "100", "missing_lines": 0, "excluded_lines": 0, "percent_statements_covered": 100.0, "percent_statements_covered_display": "100"}, "missing_lines": [], "excluded_lines": [], "functions": {"StatusBar.__init__": {"executed_lines": [47, 48], "summary": {"covered_lines": 2, "num_statements": 2, "percent_covered": 100.0, "percent_covered_display": "100", "missing_lines": 0, "excluded_lines": 0, "percent_statements_covered": 100.0, "percent_statements_covered_display": "100"}, "missing_lines": [], "excluded_lines": [], "start_line": 46}, "StatusBar.show": {"executed_lines": [52, 53, 54, 55, 56, 57, 58, 59], "summary": {"covered_lines": 8, "num_statements": 8, "percent_covered": 100.0, "percent_covered_display": "100", "missing_lines": 0, "excluded_lines": 0, "percent_statements_covered": 100.0, "percent_statements_covered_display": "100"}, "missing_lines": [], "excluded_lines": [], "start_line": 50}, "StatusBar.set_progress": {"executed_lines": [63, 64, 65, 67], "summary": {"covered_lines": 4, "num_statements": 4, "percent_covered": 100.0, "percent_covered_display": "100", "missing_lines": 0, "excluded_lines": 0, "percent_statements_covered": 100.0, "percent_statements_covered_display": "100"}, "missing_lines": [], "excluded_lines": [], "start_line": 61}, "StatusBar.clear_status": {"executed_lines": [71, 72, 73], "summary": {"covered_lines": 3, "num_statements": 3, "percent_covered": 100.0, "percent_covered_display": "100", "missing_lines": 0, "excluded_lines": 0, "percent_statements_covered": 100.0, "percent_statements_covered_display": "100"}, "missing_lines": [], "excluded_lines": [], "start_line": 69}, "": {"executed_lines": [11, 13, 14, 17, 31, 46, 50, 61, 69], "summary": {"covered_lines": 9, "num_statements": 9, "percent_covered": 100.0, "percent_covered_display": "100", "missing_lines": 0, "excluded_lines": 0, "percent_statements_covered": 100.0, "percent_statements_covered_display": "100"}, "missing_lines": [], "excluded_lines": [], "start_line": 1}}, "classes": {"StatusBar": {"executed_lines": [47, 48, 52, 53, 54, 55, 56, 57, 58, 59, 63, 64, 65, 67, 71, 72, 73], "summary": {"covered_lines": 17, "num_statements": 17, "percent_covered": 100.0, "percent_covered_display": "100", "missing_lines": 0, "excluded_lines": 0, "percent_statements_covered": 100.0, "percent_statements_covered_display": "100"}, "missing_lines": [], "excluded_lines": [], "start_line": 17}, "": {"executed_lines": [11, 13, 14, 17, 31, 46, 50, 61, 69], "summary": {"covered_lines": 9, "num_statements": 9, "percent_covered": 100.0, "percent_covered_display": "100", "missing_lines": 0, "excluded_lines": 0, "percent_statements_covered": 100.0, "percent_statements_covered_display": "100"}, "missing_lines": [], "excluded_lines": [], "start_line": 1}}}, "src\\termapy\\widgets\\suggester.py": {"executed_lines": [8, 10, 12, 15, 23, 24, 25, 27, 34, 35, 37, 39, 40, 41, 42], "summary": {"covered_lines": 15, "num_statements": 15, "percent_covered": 100.0, "percent_covered_display": "100", "missing_lines": 0, "excluded_lines": 0, "percent_statements_covered": 100.0, "percent_statements_covered_display": "100"}, "missing_lines": [], "excluded_lines": [], "functions": {"CommandSuggester.__init__": {"executed_lines": [24, 25], "summary": {"covered_lines": 2, "num_statements": 2, "percent_covered": 100.0, "percent_covered_display": "100", "missing_lines": 0, "excluded_lines": 0, "percent_statements_covered": 100.0, "percent_statements_covered_display": "100"}, "missing_lines": [], "excluded_lines": [], "start_line": 23}, "CommandSuggester.update": {"executed_lines": [34, 35], "summary": {"covered_lines": 2, "num_statements": 2, "percent_covered": 100.0, "percent_covered_display": "100", "missing_lines": 0, "excluded_lines": 0, "percent_statements_covered": 100.0, "percent_statements_covered_display": "100"}, "missing_lines": [], "excluded_lines": [], "start_line": 27}, "CommandSuggester.get_suggestion": {"executed_lines": [39, 40, 41, 42], "summary": {"covered_lines": 4, "num_statements": 4, "percent_covered": 100.0, "percent_covered_display": "100", "missing_lines": 0, "excluded_lines": 0, "percent_statements_covered": 100.0, "percent_statements_covered_display": "100"}, "missing_lines": [], "excluded_lines": [], "start_line": 37}, "": {"executed_lines": [8, 10, 12, 15, 23, 27, 37], "summary": {"covered_lines": 7, "num_statements": 7, "percent_covered": 100.0, "percent_covered_display": "100", "missing_lines": 0, "excluded_lines": 0, "percent_statements_covered": 100.0, "percent_statements_covered_display": "100"}, "missing_lines": [], "excluded_lines": [], "start_line": 1}}, "classes": {"CommandSuggester": {"executed_lines": [24, 25, 34, 35, 39, 40, 41, 42], "summary": {"covered_lines": 8, "num_statements": 8, "percent_covered": 100.0, "percent_covered_display": "100", "missing_lines": 0, "excluded_lines": 0, "percent_statements_covered": 100.0, "percent_statements_covered_display": "100"}, "missing_lines": [], "excluded_lines": [], "start_line": 15}, "": {"executed_lines": [8, 10, 12, 15, 23, 27, 37], "summary": {"covered_lines": 7, "num_statements": 7, "percent_covered": 100.0, "percent_covered_display": "100", "missing_lines": 0, "excluded_lines": 0, "percent_statements_covered": 100.0, "percent_statements_covered_display": "100"}, "missing_lines": [], "excluded_lines": [], "start_line": 1}}}}, "totals": {"covered_lines": 10741, "num_statements": 15430, "percent_covered": 69.61114711600777, "percent_covered_display": "70", "missing_lines": 4689, "excluded_lines": 5, "percent_statements_covered": 69.61114711600777, "percent_statements_covered_display": "70"}}